# JRE version: OpenJDK Runtime Environment Homebrew (25.0.1) (build 25.0.1)
# Java VM: OpenJDK 64-Bit Server VM Homebrew (25.0.1, mixed mode, sharing, tiered, compressed oops, compressed class ptrs, g1 gc, bsd-aarch64)
GC Precious Log:
 CardTable entry size: 512
 Card Set container configuration: InlinePtr #cards 4 size 8 Array Of Cards #cards 16 size 48 Howl #buckets 8 coarsen threshold 3686 Howl Bitmap #cards 512 size 80 coarsen threshold 460 Card regions per heap region 1 cards per card region 4096
 CPUs: 10 total, 10 available
 Memory: 16384M
 Large Page Support: Disabled
 NUMA Support: Disabled
 Compressed Oops: Enabled (Zero based)
 Heap Region Size: 2M
 Heap Min Capacity: 8M
 Heap Initial Capacity: 256M
 Heap Max Capacity: 4G
 Pre-touch: Disabled
 Parallel Workers: 9
 Concurrent Workers: 2
 Concurrent Refinement Workers: 9
 Periodic GC: Disabled
Heap:
 garbage-first heap   total reserved 4194304K, committed 43008K, used 14200K [0x00000003c0000000, 0x00000004c0000000)
  region size 2048K, 6 young (12288K), 1 survivors (2048K)
GC Heap Usage History (20 events):
Event: 198.293 {heap Before GC invocations=7 (full 0):
 garbage-first heap   total reserved 4194304K, committed 43008K, used 30413K [0x00000003c0000000, 0x00000004c0000000)
  region size 2048K, 12 young (24576K), 1 survivors (2048K)
}
Event: 198.298 {heap After GC invocations=8 (full 0):
 garbage-first heap   total reserved 4194304K, committed 43008K, used 7885K [0x00000003c0000000, 0x00000004c0000000)
  region size 2048K, 1 young (2048K), 1 survivors (2048K)
}
Event: 209.634 {heap Before GC invocations=8 (full 0):
 garbage-first heap   total reserved 4194304K, committed 43008K, used 30413K [0x00000003c0000000, 0x00000004c0000000)
  region size 2048K, 12 young (24576K), 1 survivors (2048K)
}
Event: 209.635 {heap After GC invocations=9 (full 0):
 garbage-first heap   total reserved 4194304K, committed 43008K, used 8083K [0x00000003c0000000, 0x00000004c0000000)
  region size 2048K, 2 young (4096K), 2 survivors (4096K)
}
Event: 215.943 {heap Before GC invocations=9 (full 0):
 garbage-first heap   total reserved 4194304K, committed 43008K, used 28563K [0x00000003c0000000, 0x00000004c0000000)
  region size 2048K, 12 young (24576K), 2 survivors (4096K)
}
Event: 215.946 {heap After GC invocations=10 (full 0):
 garbage-first heap   total reserved 4194304K, committed 43008K, used 8079K [0x00000003c0000000, 0x00000004c0000000)
  region size 2048K, 2 young (4096K), 2 survivors (4096K)
}
Event: 222.260 {heap Before GC invocations=10 (full 0):
 garbage-first heap   total reserved 4194304K, committed 43008K, used 28559K [0x00000003c0000000, 0x00000004c0000000)
  region size 2048K, 12 young (24576K), 2 survivors (4096K)
}
Event: 222.261 {heap After GC invocations=11 (full 0):
 garbage-first heap   total reserved 4194304K, committed 43008K, used 8080K [0x00000003c0000000, 0x00000004c0000000)
  region size 2048K, 2 young (4096K), 2 survivors (4096K)
}
Event: 228.717 {heap Before GC invocations=11 (full 0):
 garbage-first heap   total reserved 4194304K, committed 43008K, used 28560K [0x00000003c0000000, 0x00000004c0000000)
  region size 2048K, 12 young (24576K), 2 survivors (4096K)
}
Event: 228.718 {heap After GC invocations=12 (full 0):
 garbage-first heap   total reserved 4194304K, committed 43008K, used 8085K [0x00000003c0000000, 0x00000004c0000000)
  region size 2048K, 2 young (4096K), 2 survivors (4096K)
}
Event: 235.093 {heap Before GC invocations=12 (full 0):
 garbage-first heap   total reserved 4194304K, committed 43008K, used 28565K [0x00000003c0000000, 0x00000004c0000000)
  region size 2048K, 12 young (24576K), 2 survivors (4096K)
}
Event: 235.095 {heap After GC invocations=13 (full 0):
 garbage-first heap   total reserved 4194304K, committed 43008K, used 8220K [0x00000003c0000000, 0x00000004c0000000)
  region size 2048K, 1 young (2048K), 1 survivors (2048K)
}
Event: 242.267 {heap Before GC invocations=13 (full 0):
 garbage-first heap   total reserved 4194304K, committed 43008K, used 30748K [0x00000003c0000000, 0x00000004c0000000)
  region size 2048K, 12 young (24576K), 1 survivors (2048K)
}
Event: 242.269 {heap After GC invocations=14 (full 0):
 garbage-first heap   total reserved 4194304K, committed 43008K, used 7964K [0x00000003c0000000, 0x00000004c0000000)
  region size 2048K, 1 young (2048K), 1 survivors (2048K)
}
Event: 249.217 {heap Before GC invocations=14 (full 0):
 garbage-first heap   total reserved 4194304K, committed 43008K, used 30492K [0x00000003c0000000, 0x00000004c0000000)
  region size 2048K, 12 young (24576K), 1 survivors (2048K)
}
Event: 249.218 {heap After GC invocations=15 (full 0):
 garbage-first heap   total reserved 4194304K, committed 43008K, used 8001K [0x00000003c0000000, 0x00000004c0000000)
  region size 2048K, 1 young (2048K), 1 survivors (2048K)
}
Event: 257.510 {heap Before GC invocations=15 (full 0):
 garbage-first heap   total reserved 4194304K, committed 43008K, used 30529K [0x00000003c0000000, 0x00000004c0000000)
  region size 2048K, 12 young (24576K), 1 survivors (2048K)
}
Event: 257.511 {heap After GC invocations=16 (full 0):
 garbage-first heap   total reserved 4194304K, committed 43008K, used 8031K [0x00000003c0000000, 0x00000004c0000000)
  region size 2048K, 1 young (2048K), 1 survivors (2048K)
}
Event: 264.659 {heap Before GC invocations=16 (full 0):
 garbage-first heap   total reserved 4194304K, committed 43008K, used 30559K [0x00000003c0000000, 0x00000004c0000000)
  region size 2048K, 12 young (24576K), 1 survivors (2048K)
}
Event: 264.661 {heap After GC invocations=17 (full 0):
 garbage-first heap   total reserved 4194304K, committed 43008K, used 8056K [0x00000003c0000000, 0x00000004c0000000)
  region size 2048K, 1 young (2048K), 1 survivors (2048K)
}

