# JRE version: OpenJDK Runtime Environment Homebrew (25.0.1) (build 25.0.1)
# Java VM: OpenJDK 64-Bit Server VM Homebrew (25.0.1, mixed mode, sharing, tiered, compressed oops, compressed class ptrs, g1 gc, bsd-aarch64)
GC Precious Log:
 CardTable entry size: 512
 Card Set container configuration: InlinePtr #cards 4 size 8 Array Of Cards #cards 16 size 48 Howl #buckets 8 coarsen threshold 3686 Howl Bitmap #cards 512 size 80 coarsen threshold 460 Card regions per heap region 1 cards per card region 4096
 CPUs: 10 total, 10 available
 Memory: 16384M
 Large Page Support: Disabled
 NUMA Support: Disabled
 Compressed Oops: Enabled (Zero based)
 Heap Region Size: 2M
 Heap Min Capacity: 8M
 Heap Initial Capacity: 256M
 Heap Max Capacity: 4G
 Pre-touch: Disabled
 Parallel Workers: 9
 Concurrent Workers: 2
 Concurrent Refinement Workers: 9
 Periodic GC: Disabled
Heap:
 garbage-first heap   total reserved 4194304K, committed 43008K, used 17316K [0x00000003c0000000, 0x00000004c0000000)
  region size 2048K, 6 young (12288K), 1 survivors (2048K)
GC Heap Usage History (20 events):
Event: 549.738 {heap Before GC invocations=10 (full 0):
 garbage-first heap   total reserved 4194304K, committed 43008K, used 28692K [0x00000003c0000000, 0x00000004c0000000)
  region size 2048K, 12 young (24576K), 2 survivors (4096K)
}
Event: 549.740 {heap After GC invocations=11 (full 0):
 garbage-first heap   total reserved 4194304K, committed 43008K, used 8213K [0x00000003c0000000, 0x00000004c0000000)
  region size 2048K, 1 young (2048K), 1 survivors (2048K)
}
Event: 558.200 {heap Before GC invocations=11 (full 0):
 garbage-first heap   total reserved 4194304K, committed 43008K, used 30741K [0x00000003c0000000, 0x00000004c0000000)
  region size 2048K, 12 young (24576K), 1 survivors (2048K)
}
Event: 558.201 {heap After GC invocations=12 (full 0):
 garbage-first heap   total reserved 4194304K, committed 43008K, used 8058K [0x00000003c0000000, 0x00000004c0000000)
  region size 2048K, 1 young (2048K), 1 survivors (2048K)
}
Event: 566.388 {heap Before GC invocations=12 (full 0):
 garbage-first heap   total reserved 4194304K, committed 43008K, used 30586K [0x00000003c0000000, 0x00000004c0000000)
  region size 2048K, 12 young (24576K), 1 survivors (2048K)
}
Event: 566.389 {heap After GC invocations=13 (full 0):
 garbage-first heap   total reserved 4194304K, committed 43008K, used 8012K [0x00000003c0000000, 0x00000004c0000000)
  region size 2048K, 1 young (2048K), 1 survivors (2048K)
}
Event: 575.021 {heap Before GC invocations=13 (full 0):
 garbage-first heap   total reserved 4194304K, committed 43008K, used 30540K [0x00000003c0000000, 0x00000004c0000000)
  region size 2048K, 12 young (24576K), 1 survivors (2048K)
}
Event: 575.023 {heap After GC invocations=14 (full 0):
 garbage-first heap   total reserved 4194304K, committed 43008K, used 8085K [0x00000003c0000000, 0x00000004c0000000)
  region size 2048K, 1 young (2048K), 1 survivors (2048K)
}
Event: 612.563 {heap Before GC invocations=14 (full 0):
 garbage-first heap   total reserved 4194304K, committed 43008K, used 30613K [0x00000003c0000000, 0x00000004c0000000)
  region size 2048K, 12 young (24576K), 1 survivors (2048K)
}
Event: 612.565 {heap After GC invocations=15 (full 0):
 garbage-first heap   total reserved 4194304K, committed 43008K, used 8142K [0x00000003c0000000, 0x00000004c0000000)
  region size 2048K, 1 young (2048K), 1 survivors (2048K)
}
Event: 620.763 {heap Before GC invocations=15 (full 0):
 garbage-first heap   total reserved 4194304K, committed 43008K, used 30670K [0x00000003c0000000, 0x00000004c0000000)
  region size 2048K, 12 young (24576K), 1 survivors (2048K)
}
Event: 620.765 {heap After GC invocations=16 (full 0):
 garbage-first heap   total reserved 4194304K, committed 43008K, used 8052K [0x00000003c0000000, 0x00000004c0000000)
  region size 2048K, 1 young (2048K), 1 survivors (2048K)
}
Event: 651.207 {heap Before GC invocations=16 (full 0):
 garbage-first heap   total reserved 4194304K, committed 43008K, used 30580K [0x00000003c0000000, 0x00000004c0000000)
  region size 2048K, 12 young (24576K), 1 survivors (2048K)
}
Event: 651.209 {heap After GC invocations=17 (full 0):
 garbage-first heap   total reserved 4194304K, committed 43008K, used 8122K [0x00000003c0000000, 0x00000004c0000000)
  region size 2048K, 1 young (2048K), 1 survivors (2048K)
}
Event: 660.024 {heap Before GC invocations=17 (full 0):
 garbage-first heap   total reserved 4194304K, committed 43008K, used 30650K [0x00000003c0000000, 0x00000004c0000000)
  region size 2048K, 12 young (24576K), 1 survivors (2048K)
}
Event: 660.025 {heap After GC invocations=18 (full 0):
 garbage-first heap   total reserved 4194304K, committed 43008K, used 8033K [0x00000003c0000000, 0x00000004c0000000)
  region size 2048K, 1 young (2048K), 1 survivors (2048K)
}
Event: 668.841 {heap Before GC invocations=18 (full 0):
 garbage-first heap   total reserved 4194304K, committed 43008K, used 30561K [0x00000003c0000000, 0x00000004c0000000)
  region size 2048K, 12 young (24576K), 1 survivors (2048K)
}
Event: 668.842 {heap After GC invocations=19 (full 0):
 garbage-first heap   total reserved 4194304K, committed 43008K, used 8087K [0x00000003c0000000, 0x00000004c0000000)
  region size 2048K, 1 young (2048K), 1 survivors (2048K)
}
Event: 677.380 {heap Before GC invocations=19 (full 0):
 garbage-first heap   total reserved 4194304K, committed 43008K, used 30615K [0x00000003c0000000, 0x00000004c0000000)
  region size 2048K, 12 young (24576K), 1 survivors (2048K)
}
Event: 677.381 {heap After GC invocations=20 (full 0):
 garbage-first heap   total reserved 4194304K, committed 43008K, used 9124K [0x00000003c0000000, 0x00000004c0000000)
  region size 2048K, 1 young (2048K), 1 survivors (2048K)
}

