{"/Users/samantha/dev/lightning-engine/lightning/webpanel/src/App.tsx": {"path":"/Users/samantha/dev/lightning-engine/lightning/webpanel/src/App.tsx","statementMap":{"0":{"start":{"line":61,"column":20},"end":{"line":61,"column":null}},"1":{"start":{"line":63,"column":29},"end":{"line":532,"column":null}},"2":{"start":{"line":64,"column":8},"end":{"line":64,"column":null}},"3":{"start":{"line":65,"column":8},"end":{"line":65,"column":null}},"4":{"start":{"line":66,"column":8},"end":{"line":66,"column":null}},"5":{"start":{"line":69,"column":8},"end":{"line":69,"column":null}},"6":{"start":{"line":70,"column":8},"end":{"line":70,"column":null}},"7":{"start":{"line":71,"column":8},"end":{"line":71,"column":null}},"8":{"start":{"line":72,"column":8},"end":{"line":72,"column":null}},"9":{"start":{"line":73,"column":8},"end":{"line":73,"column":null}},"10":{"start":{"line":74,"column":8},"end":{"line":74,"column":null}},"11":{"start":{"line":75,"column":8},"end":{"line":75,"column":null}},"12":{"start":{"line":78,"column":32},"end":{"line":78,"column":null}},"13":{"start":{"line":81,"column":29},"end":{"line":86,"column":null}},"14":{"start":{"line":89,"column":2},"end":{"line":89,"column":null}},"15":{"start":{"line":93,"column":4},"end":{"line":93,"column":null}},"16":{"start":{"line":93,"column":27},"end":{"line":93,"column":55}},"17":{"start":{"line":96,"column":2},"end":{"line":100,"column":null}},"18":{"start":{"line":97,"column":4},"end":{"line":99,"column":null}},"19":{"start":{"line":98,"column":6},"end":{"line":98,"column":null}},"20":{"start":{"line":103,"column":2},"end":{"line":107,"column":null}},"21":{"start":{"line":104,"column":4},"end":{"line":106,"column":null}},"22":{"start":{"line":105,"column":6},"end":{"line":105,"column":null}},"23":{"start":{"line":109,"column":29},"end":{"line":111,"column":null}},"24":{"start":{"line":110,"column":4},"end":{"line":110,"column":null}},"25":{"start":{"line":113,"column":32},"end":{"line":115,"column":null}},"26":{"start":{"line":114,"column":4},"end":{"line":114,"column":null}},"27":{"start":{"line":117,"column":28},"end":{"line":119,"column":null}},"28":{"start":{"line":118,"column":4},"end":{"line":118,"column":null}},"29":{"start":{"line":121,"column":28},"end":{"line":126,"column":null}},"30":{"start":{"line":122,"column":4},"end":{"line":122,"column":null}},"31":{"start":{"line":123,"column":4},"end":{"line":125,"column":null}},"32":{"start":{"line":124,"column":6},"end":{"line":124,"column":null}},"33":{"start":{"line":128,"column":23},"end":{"line":131,"column":null}},"34":{"start":{"line":129,"column":4},"end":{"line":129,"column":null}},"35":{"start":{"line":130,"column":4},"end":{"line":130,"column":null}},"36":{"start":{"line":134,"column":32},"end":{"line":141,"column":null}},"37":{"start":{"line":144,"column":26},"end":{"line":157,"column":null}},"38":{"start":{"line":160,"column":24},"end":{"line":164,"column":null}},"39":{"start":{"line":167,"column":4},"end":{"line":304,"column":null}},"40":{"start":{"line":187,"column":39},"end":{"line":187,"column":null}},"41":{"start":{"line":197,"column":14},"end":{"line":206,"column":null}},"42":{"start":{"line":201,"column":33},"end":{"line":201,"column":null}},"43":{"start":{"line":212,"column":39},"end":{"line":212,"column":null}},"44":{"start":{"line":234,"column":20},"end":{"line":246,"column":null}},"45":{"start":{"line":254,"column":14},"end":{"line":263,"column":null}},"46":{"start":{"line":258,"column":33},"end":{"line":258,"column":null}},"47":{"start":{"line":269,"column":39},"end":{"line":269,"column":null}},"48":{"start":{"line":279,"column":14},"end":{"line":288,"column":null}},"49":{"start":{"line":283,"column":33},"end":{"line":283,"column":null}},"50":{"start":{"line":307,"column":22},"end":{"line":362,"column":null}},"51":{"start":{"line":308,"column":4},"end":{"line":361,"column":null}},"52":{"start":{"line":311,"column":8},"end":{"line":311,"column":null}},"53":{"start":{"line":313,"column":8},"end":{"line":313,"column":null}},"54":{"start":{"line":315,"column":8},"end":{"line":315,"column":null}},"55":{"start":{"line":317,"column":8},"end":{"line":317,"column":null}},"56":{"start":{"line":319,"column":8},"end":{"line":319,"column":null}},"57":{"start":{"line":321,"column":8},"end":{"line":321,"column":null}},"58":{"start":{"line":324,"column":8},"end":{"line":324,"column":null}},"59":{"start":{"line":326,"column":8},"end":{"line":330,"column":null}},"60":{"start":{"line":333,"column":8},"end":{"line":333,"column":null}},"61":{"start":{"line":335,"column":8},"end":{"line":335,"column":null}},"62":{"start":{"line":337,"column":8},"end":{"line":337,"column":null}},"63":{"start":{"line":339,"column":8},"end":{"line":339,"column":null}},"64":{"start":{"line":341,"column":8},"end":{"line":341,"column":null}},"65":{"start":{"line":343,"column":8},"end":{"line":343,"column":null}},"66":{"start":{"line":345,"column":8},"end":{"line":345,"column":null}},"67":{"start":{"line":347,"column":8},"end":{"line":347,"column":null}},"68":{"start":{"line":349,"column":8},"end":{"line":349,"column":null}},"69":{"start":{"line":351,"column":8},"end":{"line":351,"column":null}},"70":{"start":{"line":354,"column":8},"end":{"line":354,"column":null}},"71":{"start":{"line":356,"column":8},"end":{"line":356,"column":null}},"72":{"start":{"line":358,"column":8},"end":{"line":358,"column":null}},"73":{"start":{"line":360,"column":8},"end":{"line":360,"column":null}},"74":{"start":{"line":364,"column":2},"end":{"line":530,"column":null}},"75":{"start":{"line":468,"column":20},"end":{"line":470,"column":null}},"76":{"start":{"line":534,"column":22},"end":{"line":542,"column":null}},"77":{"start":{"line":535,"column":8},"end":{"line":535,"column":null}},"78":{"start":{"line":537,"column":2},"end":{"line":540,"column":null}}},"fnMap":{"0":{"name":"(anonymous_0)","decl":{"start":{"line":63,"column":29},"end":{"line":63,"column":35}},"loc":{"start":{"line":63,"column":35},"end":{"line":532,"column":null}},"line":63},"1":{"name":"(anonymous_1)","decl":{"start":{"line":93,"column":20},"end":{"line":93,"column":21}},"loc":{"start":{"line":93,"column":27},"end":{"line":93,"column":55}},"line":93},"2":{"name":"(anonymous_2)","decl":{"start":{"line":96,"column":12},"end":{"line":96,"column":18}},"loc":{"start":{"line":96,"column":18},"end":{"line":100,"column":5}},"line":96},"3":{"name":"(anonymous_3)","decl":{"start":{"line":103,"column":12},"end":{"line":103,"column":18}},"loc":{"start":{"line":103,"column":18},"end":{"line":107,"column":5}},"line":103},"4":{"name":"(anonymous_4)","decl":{"start":{"line":109,"column":29},"end":{"line":109,"column":35}},"loc":{"start":{"line":109,"column":35},"end":{"line":111,"column":null}},"line":109},"5":{"name":"(anonymous_5)","decl":{"start":{"line":113,"column":32},"end":{"line":113,"column":33}},"loc":{"start":{"line":113,"column":70},"end":{"line":115,"column":null}},"line":113},"6":{"name":"(anonymous_6)","decl":{"start":{"line":117,"column":28},"end":{"line":117,"column":29}},"loc":{"start":{"line":117,"column":66},"end":{"line":119,"column":null}},"line":117},"7":{"name":"(anonymous_7)","decl":{"start":{"line":121,"column":28},"end":{"line":121,"column":29}},"loc":{"start":{"line":121,"column":50},"end":{"line":126,"column":null}},"line":121},"8":{"name":"(anonymous_8)","decl":{"start":{"line":128,"column":23},"end":{"line":128,"column":29}},"loc":{"start":{"line":128,"column":29},"end":{"line":131,"column":null}},"line":128},"9":{"name":"(anonymous_9)","decl":{"start":{"line":187,"column":33},"end":{"line":187,"column":39}},"loc":{"start":{"line":187,"column":39},"end":{"line":187,"column":null}},"line":187},"10":{"name":"(anonymous_10)","decl":{"start":{"line":196,"column":39},"end":{"line":196,"column":40}},"loc":{"start":{"line":197,"column":14},"end":{"line":206,"column":null}},"line":197},"11":{"name":"(anonymous_11)","decl":{"start":{"line":201,"column":27},"end":{"line":201,"column":33}},"loc":{"start":{"line":201,"column":33},"end":{"line":201,"column":null}},"line":201},"12":{"name":"(anonymous_12)","decl":{"start":{"line":212,"column":33},"end":{"line":212,"column":39}},"loc":{"start":{"line":212,"column":39},"end":{"line":212,"column":null}},"line":212},"13":{"name":"(anonymous_13)","decl":{"start":{"line":233,"column":34},"end":{"line":233,"column":35}},"loc":{"start":{"line":234,"column":20},"end":{"line":246,"column":null}},"line":234},"14":{"name":"(anonymous_14)","decl":{"start":{"line":253,"column":33},"end":{"line":253,"column":34}},"loc":{"start":{"line":254,"column":14},"end":{"line":263,"column":null}},"line":254},"15":{"name":"(anonymous_15)","decl":{"start":{"line":258,"column":27},"end":{"line":258,"column":33}},"loc":{"start":{"line":258,"column":33},"end":{"line":258,"column":null}},"line":258},"16":{"name":"(anonymous_16)","decl":{"start":{"line":269,"column":33},"end":{"line":269,"column":39}},"loc":{"start":{"line":269,"column":39},"end":{"line":269,"column":null}},"line":269},"17":{"name":"(anonymous_17)","decl":{"start":{"line":278,"column":31},"end":{"line":278,"column":32}},"loc":{"start":{"line":279,"column":14},"end":{"line":288,"column":null}},"line":279},"18":{"name":"(anonymous_18)","decl":{"start":{"line":283,"column":27},"end":{"line":283,"column":33}},"loc":{"start":{"line":283,"column":33},"end":{"line":283,"column":null}},"line":283},"19":{"name":"(anonymous_19)","decl":{"start":{"line":307,"column":22},"end":{"line":307,"column":28}},"loc":{"start":{"line":307,"column":28},"end":{"line":362,"column":null}},"line":307},"20":{"name":"(anonymous_20)","decl":{"start":{"line":467,"column":31},"end":{"line":467,"column":32}},"loc":{"start":{"line":468,"column":20},"end":{"line":470,"column":null}},"line":468},"21":{"name":"(anonymous_21)","decl":{"start":{"line":534,"column":22},"end":{"line":534,"column":28}},"loc":{"start":{"line":534,"column":28},"end":{"line":542,"column":null}},"line":534}},"branchMap":{"0":{"loc":{"start":{"line":78,"column":16},"end":{"line":78,"column":32}},"type":"default-arg","locations":[{"start":{"line":78,"column":29},"end":{"line":78,"column":32}}],"line":78},"1":{"loc":{"start":{"line":81,"column":16},"end":{"line":81,"column":29}},"type":"default-arg","locations":[{"start":{"line":81,"column":26},"end":{"line":81,"column":29}}],"line":81},"2":{"loc":{"start":{"line":93,"column":4},"end":{"line":93,"column":null}},"type":"binary-expr","locations":[{"start":{"line":93,"column":4},"end":{"line":93,"column":60}},{"start":{"line":93,"column":60},"end":{"line":93,"column":null}}],"line":93},"3":{"loc":{"start":{"line":97,"column":4},"end":{"line":99,"column":null}},"type":"if","locations":[{"start":{"line":97,"column":4},"end":{"line":99,"column":null}},{"start":{},"end":{}}],"line":97},"4":{"loc":{"start":{"line":97,"column":8},"end":{"line":97,"column":63}},"type":"binary-expr","locations":[{"start":{"line":97,"column":8},"end":{"line":97,"column":40}},{"start":{"line":97,"column":40},"end":{"line":97,"column":63}}],"line":97},"5":{"loc":{"start":{"line":104,"column":4},"end":{"line":106,"column":null}},"type":"if","locations":[{"start":{"line":104,"column":4},"end":{"line":106,"column":null}},{"start":{},"end":{}}],"line":104},"6":{"loc":{"start":{"line":104,"column":8},"end":{"line":104,"column":56}},"type":"binary-expr","locations":[{"start":{"line":104,"column":8},"end":{"line":104,"column":36}},{"start":{"line":104,"column":36},"end":{"line":104,"column":56}}],"line":104},"7":{"loc":{"start":{"line":123,"column":4},"end":{"line":125,"column":null}},"type":"if","locations":[{"start":{"line":123,"column":4},"end":{"line":125,"column":null}},{"start":{},"end":{}}],"line":123},"8":{"loc":{"start":{"line":192,"column":11},"end":{"line":192,"column":null}},"type":"cond-expr","locations":[{"start":{"line":192,"column":34},"end":{"line":192,"column":51}},{"start":{"line":192,"column":51},"end":{"line":192,"column":null}}],"line":192},"9":{"loc":{"start":{"line":217,"column":11},"end":{"line":217,"column":null}},"type":"cond-expr","locations":[{"start":{"line":217,"column":28},"end":{"line":217,"column":45}},{"start":{"line":217,"column":45},"end":{"line":217,"column":null}}],"line":217},"10":{"loc":{"start":{"line":221,"column":11},"end":{"line":250,"column":null}},"type":"binary-expr","locations":[{"start":{"line":221,"column":11},"end":{"line":221,"column":null}},{"start":{"line":222,"column":12},"end":{"line":250,"column":null}}],"line":221},"11":{"loc":{"start":{"line":229,"column":25},"end":{"line":229,"column":null}},"type":"binary-expr","locations":[{"start":{"line":229,"column":25},"end":{"line":229,"column":48}},{"start":{"line":229,"column":48},"end":{"line":229,"column":null}}],"line":229},"12":{"loc":{"start":{"line":240,"column":28},"end":{"line":240,"column":null}},"type":"cond-expr","locations":[{"start":{"line":240,"column":61},"end":{"line":240,"column":73}},{"start":{"line":240,"column":73},"end":{"line":240,"column":null}}],"line":240},"13":{"loc":{"start":{"line":274,"column":11},"end":{"line":274,"column":null}},"type":"cond-expr","locations":[{"start":{"line":274,"column":26},"end":{"line":274,"column":43}},{"start":{"line":274,"column":43},"end":{"line":274,"column":null}}],"line":274},"14":{"loc":{"start":{"line":308,"column":4},"end":{"line":361,"column":null}},"type":"switch","locations":[{"start":{"line":310,"column":6},"end":{"line":311,"column":null}},{"start":{"line":312,"column":6},"end":{"line":313,"column":null}},{"start":{"line":314,"column":6},"end":{"line":315,"column":null}},{"start":{"line":316,"column":6},"end":{"line":317,"column":null}},{"start":{"line":318,"column":6},"end":{"line":319,"column":null}},{"start":{"line":320,"column":6},"end":{"line":321,"column":null}},{"start":{"line":323,"column":6},"end":{"line":324,"column":null}},{"start":{"line":325,"column":6},"end":{"line":330,"column":null}},{"start":{"line":332,"column":6},"end":{"line":333,"column":null}},{"start":{"line":334,"column":6},"end":{"line":335,"column":null}},{"start":{"line":336,"column":6},"end":{"line":337,"column":null}},{"start":{"line":338,"column":6},"end":{"line":339,"column":null}},{"start":{"line":340,"column":6},"end":{"line":341,"column":null}},{"start":{"line":342,"column":6},"end":{"line":343,"column":null}},{"start":{"line":344,"column":6},"end":{"line":345,"column":null}},{"start":{"line":346,"column":6},"end":{"line":347,"column":null}},{"start":{"line":348,"column":6},"end":{"line":349,"column":null}},{"start":{"line":350,"column":6},"end":{"line":351,"column":null}},{"start":{"line":353,"column":6},"end":{"line":354,"column":null}},{"start":{"line":355,"column":6},"end":{"line":356,"column":null}},{"start":{"line":357,"column":6},"end":{"line":358,"column":null}},{"start":{"line":359,"column":6},"end":{"line":360,"column":null}}],"line":308},"15":{"loc":{"start":{"line":328,"column":25},"end":{"line":328,"column":null}},"type":"binary-expr","locations":[{"start":{"line":328,"column":25},"end":{"line":328,"column":48}},{"start":{"line":328,"column":48},"end":{"line":328,"column":null}}],"line":328},"16":{"loc":{"start":{"line":329,"column":21},"end":{"line":329,"column":null}},"type":"binary-expr","locations":[{"start":{"line":329,"column":21},"end":{"line":329,"column":40}},{"start":{"line":329,"column":40},"end":{"line":329,"column":null}}],"line":329},"17":{"loc":{"start":{"line":390,"column":11},"end":{"line":453,"column":null}},"type":"cond-expr","locations":[{"start":{"line":391,"column":12},"end":{"line":405,"column":null}},{"start":{"line":406,"column":14},"end":{"line":453,"column":null}}],"line":390},"18":{"loc":{"start":{"line":406,"column":14},"end":{"line":453,"column":null}},"type":"cond-expr","locations":[{"start":{"line":407,"column":12},"end":{"line":421,"column":null}},{"start":{"line":422,"column":14},"end":{"line":453,"column":null}}],"line":406},"19":{"loc":{"start":{"line":422,"column":14},"end":{"line":453,"column":null}},"type":"cond-expr","locations":[{"start":{"line":423,"column":12},"end":{"line":451,"column":null}},{"start":{"line":453,"column":12},"end":{"line":453,"column":null}}],"line":422},"20":{"loc":{"start":{"line":440,"column":18},"end":{"line":440,"column":null}},"type":"cond-expr","locations":[{"start":{"line":440,"column":59},"end":{"line":440,"column":71}},{"start":{"line":440,"column":71},"end":{"line":440,"column":null}}],"line":440},"21":{"loc":{"start":{"line":457,"column":11},"end":{"line":473,"column":null}},"type":"binary-expr","locations":[{"start":{"line":457,"column":11},"end":{"line":457,"column":null}},{"start":{"line":458,"column":13},"end":{"line":458,"column":43}},{"start":{"line":458,"column":43},"end":{"line":458,"column":null}},{"start":{"line":459,"column":14},"end":{"line":473,"column":null}}],"line":457},"22":{"loc":{"start":{"line":463,"column":25},"end":{"line":463,"column":null}},"type":"binary-expr","locations":[{"start":{"line":463,"column":25},"end":{"line":463,"column":44}},{"start":{"line":463,"column":44},"end":{"line":463,"column":null}}],"line":463},"23":{"loc":{"start":{"line":485,"column":16},"end":{"line":485,"column":null}},"type":"binary-expr","locations":[{"start":{"line":485,"column":16},"end":{"line":485,"column":31}},{"start":{"line":485,"column":31},"end":{"line":485,"column":null}}],"line":485},"24":{"loc":{"start":{"line":539,"column":7},"end":{"line":539,"column":null}},"type":"cond-expr","locations":[{"start":{"line":539,"column":25},"end":{"line":539,"column":42}},{"start":{"line":539,"column":42},"end":{"line":539,"column":null}}],"line":539}},"s":{"0":0,"1":0,"2":0,"3":0,"4":0,"5":0,"6":0,"7":0,"8":0,"9":0,"10":0,"11":0,"12":0,"13":0,"14":0,"15":0,"16":0,"17":0,"18":0,"19":0,"20":0,"21":0,"22":0,"23":0,"24":0,"25":0,"26":0,"27":0,"28":0,"29":0,"30":0,"31":0,"32":0,"33":0,"34":0,"35":0,"36":0,"37":0,"38":0,"39":0,"40":0,"41":0,"42":0,"43":0,"44":0,"45":0,"46":0,"47":0,"48":0,"49":0,"50":0,"51":0,"52":0,"53":0,"54":0,"55":0,"56":0,"57":0,"58":0,"59":0,"60":0,"61":0,"62":0,"63":0,"64":0,"65":0,"66":0,"67":0,"68":0,"69":0,"70":0,"71":0,"72":0,"73":0,"74":0,"75":0,"76":0,"77":0,"78":0},"f":{"0":0,"1":0,"2":0,"3":0,"4":0,"5":0,"6":0,"7":0,"8":0,"9":0,"10":0,"11":0,"12":0,"13":0,"14":0,"15":0,"16":0,"17":0,"18":0,"19":0,"20":0,"21":0},"b":{"0":[0],"1":[0],"2":[0,0],"3":[0,0],"4":[0,0],"5":[0,0],"6":[0,0],"7":[0,0],"8":[0,0],"9":[0,0],"10":[0,0],"11":[0,0],"12":[0,0],"13":[0,0],"14":[0,0,0,0,0,0,0,0,0,0,0,0,0,0,0,0,0,0,0,0,0,0],"15":[0,0],"16":[0,0],"17":[0,0],"18":[0,0],"19":[0,0],"20":[0,0],"21":[0,0,0,0],"22":[0,0],"23":[0,0],"24":[0,0]},"meta":{"lastBranch":25,"lastFunction":22,"lastStatement":79,"seen":{"s:61:20:61:Infinity":0,"s:63:29:532:Infinity":1,"f:63:29:63:35":0,"s:64:8:64:Infinity":2,"s:65:8:65:Infinity":3,"s:66:8:66:Infinity":4,"s:69:8:69:Infinity":5,"s:70:8:70:Infinity":6,"s:71:8:71:Infinity":7,"s:72:8:72:Infinity":8,"s:73:8:73:Infinity":9,"s:74:8:74:Infinity":10,"s:75:8:75:Infinity":11,"s:78:32:78:Infinity":12,"b:78:29:78:32":0,"s:81:29:86:Infinity":13,"b:81:26:81:29":1,"s:89:2:89:Infinity":14,"s:93:4:93:Infinity":15,"b:93:4:93:60:93:60:93:Infinity":2,"f:93:20:93:21":1,"s:93:27:93:55":16,"s:96:2:100:Infinity":17,"f:96:12:96:18":2,"b:97:4:99:Infinity:undefined:undefined:undefined:undefined":3,"s:97:4:99:Infinity":18,"b:97:8:97:40:97:40:97:63":4,"s:98:6:98:Infinity":19,"s:103:2:107:Infinity":20,"f:103:12:103:18":3,"b:104:4:106:Infinity:undefined:undefined:undefined:undefined":5,"s:104:4:106:Infinity":21,"b:104:8:104:36:104:36:104:56":6,"s:105:6:105:Infinity":22,"s:109:29:111:Infinity":23,"f:109:29:109:35":4,"s:110:4:110:Infinity":24,"s:113:32:115:Infinity":25,"f:113:32:113:33":5,"s:114:4:114:Infinity":26,"s:117:28:119:Infinity":27,"f:117:28:117:29":6,"s:118:4:118:Infinity":28,"s:121:28:126:Infinity":29,"f:121:28:121:29":7,"s:122:4:122:Infinity":30,"b:123:4:125:Infinity:undefined:undefined:undefined:undefined":7,"s:123:4:125:Infinity":31,"s:124:6:124:Infinity":32,"s:128:23:131:Infinity":33,"f:128:23:128:29":8,"s:129:4:129:Infinity":34,"s:130:4:130:Infinity":35,"s:134:32:141:Infinity":36,"s:144:26:157:Infinity":37,"s:160:24:164:Infinity":38,"s:167:4:304:Infinity":39,"f:187:33:187:39":9,"s:187:39:187:Infinity":40,"b:192:34:192:51:192:51:192:Infinity":8,"f:196:39:196:40":10,"s:197:14:206:Infinity":41,"f:201:27:201:33":11,"s:201:33:201:Infinity":42,"f:212:33:212:39":12,"s:212:39:212:Infinity":43,"b:217:28:217:45:217:45:217:Infinity":9,"b:221:11:221:Infinity:222:12:250:Infinity":10,"b:229:25:229:48:229:48:229:Infinity":11,"f:233:34:233:35":13,"s:234:20:246:Infinity":44,"b:240:61:240:73:240:73:240:Infinity":12,"f:253:33:253:34":14,"s:254:14:263:Infinity":45,"f:258:27:258:33":15,"s:258:33:258:Infinity":46,"f:269:33:269:39":16,"s:269:39:269:Infinity":47,"b:274:26:274:43:274:43:274:Infinity":13,"f:278:31:278:32":17,"s:279:14:288:Infinity":48,"f:283:27:283:33":18,"s:283:33:283:Infinity":49,"s:307:22:362:Infinity":50,"f:307:22:307:28":19,"b:310:6:311:Infinity:312:6:313:Infinity:314:6:315:Infinity:316:6:317:Infinity:318:6:319:Infinity:320:6:321:Infinity:323:6:324:Infinity:325:6:330:Infinity:332:6:333:Infinity:334:6:335:Infinity:336:6:337:Infinity:338:6:339:Infinity:340:6:341:Infinity:342:6:343:Infinity:344:6:345:Infinity:346:6:347:Infinity:348:6:349:Infinity:350:6:351:Infinity:353:6:354:Infinity:355:6:356:Infinity:357:6:358:Infinity:359:6:360:Infinity":14,"s:308:4:361:Infinity":51,"s:311:8:311:Infinity":52,"s:313:8:313:Infinity":53,"s:315:8:315:Infinity":54,"s:317:8:317:Infinity":55,"s:319:8:319:Infinity":56,"s:321:8:321:Infinity":57,"s:324:8:324:Infinity":58,"s:326:8:330:Infinity":59,"b:328:25:328:48:328:48:328:Infinity":15,"b:329:21:329:40:329:40:329:Infinity":16,"s:333:8:333:Infinity":60,"s:335:8:335:Infinity":61,"s:337:8:337:Infinity":62,"s:339:8:339:Infinity":63,"s:341:8:341:Infinity":64,"s:343:8:343:Infinity":65,"s:345:8:345:Infinity":66,"s:347:8:347:Infinity":67,"s:349:8:349:Infinity":68,"s:351:8:351:Infinity":69,"s:354:8:354:Infinity":70,"s:356:8:356:Infinity":71,"s:358:8:358:Infinity":72,"s:360:8:360:Infinity":73,"s:364:2:530:Infinity":74,"b:391:12:405:Infinity:406:14:453:Infinity":17,"b:407:12:421:Infinity:422:14:453:Infinity":18,"b:423:12:451:Infinity:453:12:453:Infinity":19,"b:440:59:440:71:440:71:440:Infinity":20,"b:457:11:457:Infinity:458:13:458:43:458:43:458:Infinity:459:14:473:Infinity":21,"b:463:25:463:44:463:44:463:Infinity":22,"f:467:31:467:32":20,"s:468:20:470:Infinity":75,"b:485:16:485:31:485:31:485:Infinity":23,"s:534:22:542:Infinity":76,"f:534:22:534:28":21,"s:535:8:535:Infinity":77,"s:537:2:540:Infinity":78,"b:539:25:539:42:539:42:539:Infinity":24}}}
,"/Users/samantha/dev/lightning-engine/lightning/webpanel/src/theme.ts": {"path":"/Users/samantha/dev/lightning-engine/lightning/webpanel/src/theme.ts","statementMap":{"0":{"start":{"line":25,"column":13},"end":{"line":95,"column":null}}},"fnMap":{},"branchMap":{},"s":{"0":21},"f":{},"b":{},"meta":{"lastBranch":0,"lastFunction":0,"lastStatement":1,"seen":{"s:25:13:95:Infinity":0}}}
,"/Users/samantha/dev/lightning-engine/lightning/webpanel/src/components/AIPanel.tsx": {"path":"/Users/samantha/dev/lightning-engine/lightning/webpanel/src/components/AIPanel.tsx","statementMap":{"0":{"start":{"line":23,"column":26},"end":{"line":156,"column":null}},"1":{"start":{"line":24,"column":8},"end":{"line":24,"column":null}},"2":{"start":{"line":31,"column":2},"end":{"line":33,"column":null}},"3":{"start":{"line":35,"column":16},"end":{"line":35,"column":null}},"4":{"start":{"line":38,"column":2},"end":{"line":50,"column":null}},"5":{"start":{"line":39,"column":4},"end":{"line":48,"column":null}},"6":{"start":{"line":52,"column":2},"end":{"line":58,"column":null}},"7":{"start":{"line":53,"column":4},"end":{"line":56,"column":null}},"8":{"start":{"line":60,"column":2},"end":{"line":154,"column":null}},"9":{"start":{"line":72,"column":37},"end":{"line":72,"column":48}},"10":{"start":{"line":94,"column":14},"end":{"line":109,"column":null}},"11":{"start":{"line":131,"column":14},"end":{"line":137,"column":null}}},"fnMap":{"0":{"name":"(anonymous_0)","decl":{"start":{"line":23,"column":26},"end":{"line":23,"column":32}},"loc":{"start":{"line":23,"column":32},"end":{"line":156,"column":null}},"line":23},"1":{"name":"(anonymous_1)","decl":{"start":{"line":72,"column":31},"end":{"line":72,"column":37}},"loc":{"start":{"line":72,"column":37},"end":{"line":72,"column":48}},"line":72},"2":{"name":"(anonymous_2)","decl":{"start":{"line":93,"column":25},"end":{"line":93,"column":26}},"loc":{"start":{"line":94,"column":14},"end":{"line":109,"column":null}},"line":94},"3":{"name":"(anonymous_3)","decl":{"start":{"line":130,"column":25},"end":{"line":130,"column":26}},"loc":{"start":{"line":131,"column":14},"end":{"line":137,"column":null}},"line":131}},"branchMap":{"0":{"loc":{"start":{"line":27,"column":10},"end":{"line":27,"column":null}},"type":"default-arg","locations":[{"start":{"line":27,"column":20},"end":{"line":27,"column":null}}],"line":27},"1":{"loc":{"start":{"line":35,"column":16},"end":{"line":35,"column":null}},"type":"cond-expr","locations":[{"start":{"line":35,"column":29},"end":{"line":35,"column":53}},{"start":{"line":35,"column":53},"end":{"line":35,"column":null}}],"line":35},"2":{"loc":{"start":{"line":38,"column":2},"end":{"line":50,"column":null}},"type":"if","locations":[{"start":{"line":38,"column":2},"end":{"line":50,"column":null}},{"start":{},"end":{}}],"line":38},"3":{"loc":{"start":{"line":52,"column":2},"end":{"line":58,"column":null}},"type":"if","locations":[{"start":{"line":52,"column":2},"end":{"line":58,"column":null}},{"start":{},"end":{}}],"line":52},"4":{"loc":{"start":{"line":78,"column":7},"end":{"line":81,"column":null}},"type":"binary-expr","locations":[{"start":{"line":78,"column":7},"end":{"line":78,"column":null}},{"start":{"line":79,"column":8},"end":{"line":81,"column":null}}],"line":78},"5":{"loc":{"start":{"line":111,"column":13},"end":{"line":118,"column":null}},"type":"binary-expr","locations":[{"start":{"line":111,"column":13},"end":{"line":111,"column":null}},{"start":{"line":112,"column":14},"end":{"line":118,"column":null}}],"line":111},"6":{"loc":{"start":{"line":124,"column":7},"end":{"line":140,"column":null}},"type":"binary-expr","locations":[{"start":{"line":124,"column":7},"end":{"line":124,"column":null}},{"start":{"line":125,"column":8},"end":{"line":140,"column":null}}],"line":124}},"s":{"0":1,"1":12,"2":12,"3":12,"4":12,"5":1,"6":11,"7":8,"8":3,"9":0,"10":2,"11":2},"f":{"0":12,"1":0,"2":2,"3":2},"b":{"0":[12],"1":[1,11],"2":[1,11],"3":[8,3],"4":[3,1],"5":[12,2],"6":[12,1]},"meta":{"lastBranch":7,"lastFunction":4,"lastStatement":12,"seen":{"s:23:26:156:Infinity":0,"f:23:26:23:32":0,"s:24:8:24:Infinity":1,"s:31:2:33:Infinity":2,"b:27:20:27:Infinity":0,"s:35:16:35:Infinity":3,"b:35:29:35:53:35:53:35:Infinity":1,"b:38:2:50:Infinity:undefined:undefined:undefined:undefined":2,"s:38:2:50:Infinity":4,"s:39:4:48:Infinity":5,"b:52:2:58:Infinity:undefined:undefined:undefined:undefined":3,"s:52:2:58:Infinity":6,"s:53:4:56:Infinity":7,"s:60:2:154:Infinity":8,"f:72:31:72:37":1,"s:72:37:72:48":9,"b:78:7:78:Infinity:79:8:81:Infinity":4,"f:93:25:93:26":2,"s:94:14:109:Infinity":10,"b:111:13:111:Infinity:112:14:118:Infinity":5,"b:124:7:124:Infinity:125:8:140:Infinity":6,"f:130:25:130:26":3,"s:131:14:137:Infinity":11}}}
,"/Users/samantha/dev/lightning-engine/lightning/webpanel/src/components/ApiTokensPanel.tsx": {"path":"/Users/samantha/dev/lightning-engine/lightning/webpanel/src/components/ApiTokensPanel.tsx","statementMap":{"0":{"start":{"line":45,"column":33},"end":{"line":448,"column":null}},"1":{"start":{"line":51,"column":2},"end":{"line":51,"column":null}},"2":{"start":{"line":52,"column":27},"end":{"line":52,"column":null}},"3":{"start":{"line":54,"column":23},"end":{"line":54,"column":null}},"4":{"start":{"line":55,"column":23},"end":{"line":55,"column":null}},"5":{"start":{"line":56,"column":23},"end":{"line":56,"column":null}},"6":{"start":{"line":58,"column":34},"end":{"line":58,"column":null}},"7":{"start":{"line":59,"column":28},"end":{"line":59,"column":null}},"8":{"start":{"line":61,"column":34},"end":{"line":61,"column":null}},"9":{"start":{"line":62,"column":30},"end":{"line":66,"column":null}},"10":{"start":{"line":68,"column":50},"end":{"line":68,"column":null}},"11":{"start":{"line":69,"column":30},"end":{"line":69,"column":null}},"12":{"start":{"line":70,"column":26},"end":{"line":70,"column":null}},"13":{"start":{"line":72,"column":46},"end":{"line":72,"column":null}},"14":{"start":{"line":73,"column":44},"end":{"line":73,"column":null}},"15":{"start":{"line":74,"column":48},"end":{"line":74,"column":null}},"16":{"start":{"line":76,"column":27},"end":{"line":83,"column":null}},"17":{"start":{"line":77,"column":4},"end":{"line":81,"column":null}},"18":{"start":{"line":82,"column":4},"end":{"line":82,"column":null}},"19":{"start":{"line":85,"column":28},"end":{"line":87,"column":null}},"20":{"start":{"line":86,"column":4},"end":{"line":86,"column":null}},"21":{"start":{"line":89,"column":28},"end":{"line":108,"column":null}},"22":{"start":{"line":90,"column":4},"end":{"line":107,"column":null}},"23":{"start":{"line":92,"column":24},"end":{"line":92,"column":null}},"24":{"start":{"line":93,"column":6},"end":{"line":93,"column":null}},"25":{"start":{"line":95,"column":21},"end":{"line":99,"column":null}},"26":{"start":{"line":101,"column":6},"end":{"line":101,"column":null}},"27":{"start":{"line":102,"column":6},"end":{"line":102,"column":null}},"28":{"start":{"line":103,"column":6},"end":{"line":103,"column":null}},"29":{"start":{"line":104,"column":6},"end":{"line":104,"column":null}},"30":{"start":{"line":106,"column":6},"end":{"line":106,"column":null}},"31":{"start":{"line":110,"column":26},"end":{"line":116,"column":null}},"32":{"start":{"line":111,"column":4},"end":{"line":115,"column":null}},"33":{"start":{"line":112,"column":6},"end":{"line":112,"column":null}},"34":{"start":{"line":113,"column":6},"end":{"line":113,"column":null}},"35":{"start":{"line":114,"column":6},"end":{"line":114,"column":null}},"36":{"start":{"line":114,"column":23},"end":{"line":114,"column":41}},"37":{"start":{"line":118,"column":36},"end":{"line":122,"column":null}},"38":{"start":{"line":119,"column":4},"end":{"line":119,"column":null}},"39":{"start":{"line":120,"column":4},"end":{"line":120,"column":null}},"40":{"start":{"line":121,"column":4},"end":{"line":121,"column":null}},"41":{"start":{"line":124,"column":33},"end":{"line":128,"column":null}},"42":{"start":{"line":125,"column":4},"end":{"line":125,"column":null}},"43":{"start":{"line":126,"column":4},"end":{"line":126,"column":null}},"44":{"start":{"line":127,"column":4},"end":{"line":127,"column":null}},"45":{"start":{"line":130,"column":28},"end":{"line":142,"column":null}},"46":{"start":{"line":131,"column":4},"end":{"line":141,"column":null}},"47":{"start":{"line":132,"column":6},"end":{"line":140,"column":null}},"48":{"start":{"line":133,"column":8},"end":{"line":133,"column":null}},"49":{"start":{"line":134,"column":8},"end":{"line":134,"column":null}},"50":{"start":{"line":135,"column":8},"end":{"line":135,"column":null}},"51":{"start":{"line":136,"column":8},"end":{"line":136,"column":null}},"52":{"start":{"line":137,"column":8},"end":{"line":137,"column":null}},"53":{"start":{"line":139,"column":8},"end":{"line":139,"column":null}},"54":{"start":{"line":144,"column":28},"end":{"line":151,"column":null}},"55":{"start":{"line":145,"column":4},"end":{"line":150,"column":null}},"56":{"start":{"line":146,"column":6},"end":{"line":146,"column":null}},"57":{"start":{"line":147,"column":6},"end":{"line":147,"column":null}},"58":{"start":{"line":149,"column":6},"end":{"line":149,"column":null}},"59":{"start":{"line":153,"column":16},"end":{"line":153,"column":null}},"60":{"start":{"line":155,"column":2},"end":{"line":161,"column":null}},"61":{"start":{"line":156,"column":4},"end":{"line":159,"column":null}},"62":{"start":{"line":163,"column":2},"end":{"line":446,"column":null}},"63":{"start":{"line":175,"column":37},"end":{"line":175,"column":48}},"64":{"start":{"line":192,"column":25},"end":{"line":192,"column":null}},"65":{"start":{"line":202,"column":25},"end":{"line":202,"column":null}},"66":{"start":{"line":223,"column":14},"end":{"line":281,"column":null}},"67":{"start":{"line":230,"column":22},"end":{"line":235,"column":null}},"68":{"start":{"line":264,"column":39},"end":{"line":264,"column":null}},"69":{"start":{"line":274,"column":37},"end":{"line":274,"column":null}},"70":{"start":{"line":310,"column":16},"end":{"line":310,"column":null}},"71":{"start":{"line":319,"column":40},"end":{"line":319,"column":46}},"72":{"start":{"line":322,"column":16},"end":{"line":322,"column":null}},"73":{"start":{"line":325,"column":16},"end":{"line":329,"column":null}},"74":{"start":{"line":332,"column":16},"end":{"line":337,"column":null}},"75":{"start":{"line":333,"column":43},"end":{"line":333,"column":null}},"76":{"start":{"line":334,"column":18},"end":{"line":335,"column":null}},"77":{"start":{"line":345,"column":16},"end":{"line":348,"column":null}},"78":{"start":{"line":429,"column":23},"end":{"line":429,"column":null}},"79":{"start":{"line":440,"column":33},"end":{"line":440,"column":61}}},"fnMap":{"0":{"name":"(anonymous_0)","decl":{"start":{"line":45,"column":33},"end":{"line":45,"column":39}},"loc":{"start":{"line":45,"column":39},"end":{"line":448,"column":null}},"line":45},"1":{"name":"(anonymous_1)","decl":{"start":{"line":76,"column":27},"end":{"line":76,"column":33}},"loc":{"start":{"line":76,"column":33},"end":{"line":83,"column":null}},"line":76},"2":{"name":"(anonymous_2)","decl":{"start":{"line":85,"column":28},"end":{"line":85,"column":34}},"loc":{"start":{"line":85,"column":34},"end":{"line":87,"column":null}},"line":85},"3":{"name":"(anonymous_3)","decl":{"start":{"line":89,"column":28},"end":{"line":89,"column":40}},"loc":{"start":{"line":89,"column":40},"end":{"line":108,"column":null}},"line":89},"4":{"name":"(anonymous_4)","decl":{"start":{"line":110,"column":26},"end":{"line":110,"column":38}},"loc":{"start":{"line":110,"column":38},"end":{"line":116,"column":null}},"line":110},"5":{"name":"(anonymous_5)","decl":{"start":{"line":114,"column":17},"end":{"line":114,"column":23}},"loc":{"start":{"line":114,"column":23},"end":{"line":114,"column":41}},"line":114},"6":{"name":"(anonymous_6)","decl":{"start":{"line":118,"column":36},"end":{"line":118,"column":42}},"loc":{"start":{"line":118,"column":42},"end":{"line":122,"column":null}},"line":118},"7":{"name":"(anonymous_7)","decl":{"start":{"line":124,"column":33},"end":{"line":124,"column":34}},"loc":{"start":{"line":124,"column":63},"end":{"line":128,"column":null}},"line":124},"8":{"name":"(anonymous_8)","decl":{"start":{"line":130,"column":28},"end":{"line":130,"column":40}},"loc":{"start":{"line":130,"column":40},"end":{"line":142,"column":null}},"line":130},"9":{"name":"(anonymous_9)","decl":{"start":{"line":144,"column":28},"end":{"line":144,"column":35}},"loc":{"start":{"line":144,"column":50},"end":{"line":151,"column":null}},"line":144},"10":{"name":"(anonymous_10)","decl":{"start":{"line":175,"column":31},"end":{"line":175,"column":37}},"loc":{"start":{"line":175,"column":37},"end":{"line":175,"column":48}},"line":175},"11":{"name":"(anonymous_11)","decl":{"start":{"line":192,"column":19},"end":{"line":192,"column":25}},"loc":{"start":{"line":192,"column":25},"end":{"line":192,"column":null}},"line":192},"12":{"name":"(anonymous_12)","decl":{"start":{"line":202,"column":19},"end":{"line":202,"column":25}},"loc":{"start":{"line":202,"column":25},"end":{"line":202,"column":null}},"line":202},"13":{"name":"(anonymous_13)","decl":{"start":{"line":222,"column":27},"end":{"line":222,"column":28}},"loc":{"start":{"line":223,"column":14},"end":{"line":281,"column":null}},"line":223},"14":{"name":"(anonymous_14)","decl":{"start":{"line":229,"column":38},"end":{"line":229,"column":39}},"loc":{"start":{"line":230,"column":22},"end":{"line":235,"column":null}},"line":230},"15":{"name":"(anonymous_15)","decl":{"start":{"line":264,"column":33},"end":{"line":264,"column":39}},"loc":{"start":{"line":264,"column":39},"end":{"line":264,"column":null}},"line":264},"16":{"name":"(anonymous_16)","decl":{"start":{"line":274,"column":31},"end":{"line":274,"column":37}},"loc":{"start":{"line":274,"column":37},"end":{"line":274,"column":null}},"line":274},"17":{"name":"(anonymous_17)","decl":{"start":{"line":309,"column":24},"end":{"line":309,"column":25}},"loc":{"start":{"line":310,"column":16},"end":{"line":310,"column":null}},"line":310},"18":{"name":"(anonymous_18)","decl":{"start":{"line":319,"column":33},"end":{"line":319,"column":34}},"loc":{"start":{"line":319,"column":40},"end":{"line":319,"column":46}},"line":319},"19":{"name":"(anonymous_19)","decl":{"start":{"line":321,"column":24},"end":{"line":321,"column":25}},"loc":{"start":{"line":322,"column":16},"end":{"line":322,"column":null}},"line":322},"20":{"name":"(anonymous_20)","decl":{"start":{"line":324,"column":27},"end":{"line":324,"column":28}},"loc":{"start":{"line":325,"column":16},"end":{"line":329,"column":null}},"line":325},"21":{"name":"(anonymous_21)","decl":{"start":{"line":331,"column":26},"end":{"line":331,"column":27}},"loc":{"start":{"line":332,"column":16},"end":{"line":337,"column":null}},"line":332},"22":{"name":"(anonymous_22)","decl":{"start":{"line":332,"column":26},"end":{"line":332,"column":27}},"loc":{"start":{"line":332,"column":45},"end":{"line":337,"column":17}},"line":332},"23":{"name":"(anonymous_23)","decl":{"start":{"line":344,"column":24},"end":{"line":344,"column":25}},"loc":{"start":{"line":345,"column":16},"end":{"line":348,"column":null}},"line":345},"24":{"name":"(anonymous_24)","decl":{"start":{"line":429,"column":17},"end":{"line":429,"column":23}},"loc":{"start":{"line":429,"column":23},"end":{"line":429,"column":null}},"line":429},"25":{"name":"(anonymous_25)","decl":{"start":{"line":440,"column":27},"end":{"line":440,"column":33}},"loc":{"start":{"line":440,"column":33},"end":{"line":440,"column":61}},"line":440}},"branchMap":{"0":{"loc":{"start":{"line":47,"column":10},"end":{"line":47,"column":null}},"type":"default-arg","locations":[{"start":{"line":47,"column":22},"end":{"line":47,"column":null}}],"line":47},"1":{"loc":{"start":{"line":52,"column":16},"end":{"line":52,"column":27}},"type":"default-arg","locations":[{"start":{"line":52,"column":24},"end":{"line":52,"column":27}}],"line":52},"2":{"loc":{"start":{"line":97,"column":16},"end":{"line":97,"column":null}},"type":"cond-expr","locations":[{"start":{"line":97,"column":45},"end":{"line":97,"column":63}},{"start":{"line":97,"column":63},"end":{"line":97,"column":null}}],"line":97},"3":{"loc":{"start":{"line":106,"column":20},"end":{"line":106,"column":85}},"type":"cond-expr","locations":[{"start":{"line":106,"column":43},"end":{"line":106,"column":57}},{"start":{"line":106,"column":57},"end":{"line":106,"column":85}}],"line":106},"4":{"loc":{"start":{"line":111,"column":4},"end":{"line":115,"column":null}},"type":"if","locations":[{"start":{"line":111,"column":4},"end":{"line":115,"column":null}},{"start":{},"end":{}}],"line":111},"5":{"loc":{"start":{"line":131,"column":4},"end":{"line":141,"column":null}},"type":"if","locations":[{"start":{"line":131,"column":4},"end":{"line":141,"column":null}},{"start":{},"end":{}}],"line":131},"6":{"loc":{"start":{"line":139,"column":22},"end":{"line":139,"column":87}},"type":"cond-expr","locations":[{"start":{"line":139,"column":45},"end":{"line":139,"column":59}},{"start":{"line":139,"column":59},"end":{"line":139,"column":87}}],"line":139},"7":{"loc":{"start":{"line":149,"column":20},"end":{"line":149,"column":85}},"type":"cond-expr","locations":[{"start":{"line":149,"column":43},"end":{"line":149,"column":57}},{"start":{"line":149,"column":57},"end":{"line":149,"column":85}}],"line":149},"8":{"loc":{"start":{"line":153,"column":16},"end":{"line":153,"column":null}},"type":"binary-expr","locations":[{"start":{"line":153,"column":16},"end":{"line":153,"column":31}},{"start":{"line":153,"column":31},"end":{"line":153,"column":null}}],"line":153},"9":{"loc":{"start":{"line":153,"column":31},"end":{"line":153,"column":null}},"type":"cond-expr","locations":[{"start":{"line":153,"column":44},"end":{"line":153,"column":75}},{"start":{"line":153,"column":75},"end":{"line":153,"column":null}}],"line":153},"10":{"loc":{"start":{"line":155,"column":2},"end":{"line":161,"column":null}},"type":"if","locations":[{"start":{"line":155,"column":2},"end":{"line":161,"column":null}},{"start":{},"end":{}}],"line":155},"11":{"loc":{"start":{"line":188,"column":7},"end":{"line":195,"column":null}},"type":"binary-expr","locations":[{"start":{"line":188,"column":7},"end":{"line":188,"column":null}},{"start":{"line":189,"column":8},"end":{"line":195,"column":null}}],"line":188},"12":{"loc":{"start":{"line":198,"column":7},"end":{"line":205,"column":null}},"type":"binary-expr","locations":[{"start":{"line":198,"column":7},"end":{"line":198,"column":null}},{"start":{"line":199,"column":8},"end":{"line":205,"column":null}}],"line":198},"13":{"loc":{"start":{"line":234,"column":31},"end":{"line":234,"column":null}},"type":"cond-expr","locations":[{"start":{"line":234,"column":51},"end":{"line":234,"column":63}},{"start":{"line":234,"column":63},"end":{"line":234,"column":null}}],"line":234},"14":{"loc":{"start":{"line":241,"column":27},"end":{"line":241,"column":null}},"type":"cond-expr","locations":[{"start":{"line":241,"column":42},"end":{"line":241,"column":53}},{"start":{"line":241,"column":53},"end":{"line":241,"column":null}}],"line":241},"15":{"loc":{"start":{"line":242,"column":27},"end":{"line":242,"column":null}},"type":"cond-expr","locations":[{"start":{"line":242,"column":42},"end":{"line":242,"column":54}},{"start":{"line":242,"column":54},"end":{"line":242,"column":null}}],"line":242},"16":{"loc":{"start":{"line":250,"column":19},"end":{"line":252,"column":null}},"type":"cond-expr","locations":[{"start":{"line":251,"column":22},"end":{"line":251,"column":null}},{"start":{"line":252,"column":22},"end":{"line":252,"column":null}}],"line":250},"17":{"loc":{"start":{"line":255,"column":19},"end":{"line":257,"column":null}},"type":"cond-expr","locations":[{"start":{"line":256,"column":22},"end":{"line":256,"column":null}},{"start":{"line":257,"column":22},"end":{"line":257,"column":null}}],"line":255},"18":{"loc":{"start":{"line":260,"column":19},"end":{"line":269,"column":null}},"type":"binary-expr","locations":[{"start":{"line":260,"column":19},"end":{"line":260,"column":null}},{"start":{"line":261,"column":20},"end":{"line":269,"column":null}}],"line":260},"19":{"loc":{"start":{"line":283,"column":13},"end":{"line":290,"column":null}},"type":"binary-expr","locations":[{"start":{"line":283,"column":13},"end":{"line":283,"column":null}},{"start":{"line":284,"column":14},"end":{"line":290,"column":null}}],"line":283},"20":{"loc":{"start":{"line":347,"column":33},"end":{"line":347,"column":null}},"type":"binary-expr","locations":[{"start":{"line":347,"column":33},"end":{"line":347,"column":61}},{"start":{"line":347,"column":61},"end":{"line":347,"column":null}}],"line":347},"21":{"loc":{"start":{"line":397,"column":28},"end":{"line":397,"column":null}},"type":"cond-expr","locations":[{"start":{"line":397,"column":37},"end":{"line":397,"column":49}},{"start":{"line":397,"column":49},"end":{"line":397,"column":null}}],"line":397},"22":{"loc":{"start":{"line":398,"column":59},"end":{"line":398,"column":null}},"type":"cond-expr","locations":[{"start":{"line":398,"column":68},"end":{"line":398,"column":80}},{"start":{"line":398,"column":80},"end":{"line":398,"column":null}}],"line":398},"23":{"loc":{"start":{"line":416,"column":35},"end":{"line":416,"column":null}},"type":"cond-expr","locations":[{"start":{"line":416,"column":46},"end":{"line":416,"column":82}},{"start":{"line":416,"column":82},"end":{"line":416,"column":null}}],"line":416}},"s":{"0":0,"1":0,"2":0,"3":0,"4":0,"5":0,"6":0,"7":0,"8":0,"9":0,"10":0,"11":0,"12":0,"13":0,"14":0,"15":0,"16":0,"17":0,"18":0,"19":0,"20":0,"21":0,"22":0,"23":0,"24":0,"25":0,"26":0,"27":0,"28":0,"29":0,"30":0,"31":0,"32":0,"33":0,"34":0,"35":0,"36":0,"37":0,"38":0,"39":0,"40":0,"41":0,"42":0,"43":0,"44":0,"45":0,"46":0,"47":0,"48":0,"49":0,"50":0,"51":0,"52":0,"53":0,"54":0,"55":0,"56":0,"57":0,"58":0,"59":0,"60":0,"61":0,"62":0,"63":0,"64":0,"65":0,"66":0,"67":0,"68":0,"69":0,"70":0,"71":0,"72":0,"73":0,"74":0,"75":0,"76":0,"77":0,"78":0,"79":0},"f":{"0":0,"1":0,"2":0,"3":0,"4":0,"5":0,"6":0,"7":0,"8":0,"9":0,"10":0,"11":0,"12":0,"13":0,"14":0,"15":0,"16":0,"17":0,"18":0,"19":0,"20":0,"21":0,"22":0,"23":0,"24":0,"25":0},"b":{"0":[0],"1":[0],"2":[0,0],"3":[0,0],"4":[0,0],"5":[0,0],"6":[0,0],"7":[0,0],"8":[0,0],"9":[0,0],"10":[0,0],"11":[0,0],"12":[0,0],"13":[0,0],"14":[0,0],"15":[0,0],"16":[0,0],"17":[0,0],"18":[0,0],"19":[0,0],"20":[0,0],"21":[0,0],"22":[0,0],"23":[0,0]},"meta":{"lastBranch":24,"lastFunction":26,"lastStatement":80,"seen":{"s:45:33:448:Infinity":0,"f:45:33:45:39":0,"s:51:2:51:Infinity":1,"b:47:22:47:Infinity":0,"s:52:27:52:Infinity":2,"b:52:24:52:27":1,"s:54:23:54:Infinity":3,"s:55:23:55:Infinity":4,"s:56:23:56:Infinity":5,"s:58:34:58:Infinity":6,"s:59:28:59:Infinity":7,"s:61:34:61:Infinity":8,"s:62:30:66:Infinity":9,"s:68:50:68:Infinity":10,"s:69:30:69:Infinity":11,"s:70:26:70:Infinity":12,"s:72:46:72:Infinity":13,"s:73:44:73:Infinity":14,"s:74:48:74:Infinity":15,"s:76:27:83:Infinity":16,"f:76:27:76:33":1,"s:77:4:81:Infinity":17,"s:82:4:82:Infinity":18,"s:85:28:87:Infinity":19,"f:85:28:85:34":2,"s:86:4:86:Infinity":20,"s:89:28:108:Infinity":21,"f:89:28:89:40":3,"s:90:4:107:Infinity":22,"s:92:24:92:Infinity":23,"s:93:6:93:Infinity":24,"s:95:21:99:Infinity":25,"b:97:45:97:63:97:63:97:Infinity":2,"s:101:6:101:Infinity":26,"s:102:6:102:Infinity":27,"s:103:6:103:Infinity":28,"s:104:6:104:Infinity":29,"s:106:6:106:Infinity":30,"b:106:43:106:57:106:57:106:85":3,"s:110:26:116:Infinity":31,"f:110:26:110:38":4,"b:111:4:115:Infinity:undefined:undefined:undefined:undefined":4,"s:111:4:115:Infinity":32,"s:112:6:112:Infinity":33,"s:113:6:113:Infinity":34,"s:114:6:114:Infinity":35,"f:114:17:114:23":5,"s:114:23:114:41":36,"s:118:36:122:Infinity":37,"f:118:36:118:42":6,"s:119:4:119:Infinity":38,"s:120:4:120:Infinity":39,"s:121:4:121:Infinity":40,"s:124:33:128:Infinity":41,"f:124:33:124:34":7,"s:125:4:125:Infinity":42,"s:126:4:126:Infinity":43,"s:127:4:127:Infinity":44,"s:130:28:142:Infinity":45,"f:130:28:130:40":8,"b:131:4:141:Infinity:undefined:undefined:undefined:undefined":5,"s:131:4:141:Infinity":46,"s:132:6:140:Infinity":47,"s:133:8:133:Infinity":48,"s:134:8:134:Infinity":49,"s:135:8:135:Infinity":50,"s:136:8:136:Infinity":51,"s:137:8:137:Infinity":52,"s:139:8:139:Infinity":53,"b:139:45:139:59:139:59:139:87":6,"s:144:28:151:Infinity":54,"f:144:28:144:35":9,"s:145:4:150:Infinity":55,"s:146:6:146:Infinity":56,"s:147:6:147:Infinity":57,"s:149:6:149:Infinity":58,"b:149:43:149:57:149:57:149:85":7,"s:153:16:153:Infinity":59,"b:153:16:153:31:153:31:153:Infinity":8,"b:153:44:153:75:153:75:153:Infinity":9,"b:155:2:161:Infinity:undefined:undefined:undefined:undefined":10,"s:155:2:161:Infinity":60,"s:156:4:159:Infinity":61,"s:163:2:446:Infinity":62,"f:175:31:175:37":10,"s:175:37:175:48":63,"b:188:7:188:Infinity:189:8:195:Infinity":11,"f:192:19:192:25":11,"s:192:25:192:Infinity":64,"b:198:7:198:Infinity:199:8:205:Infinity":12,"f:202:19:202:25":12,"s:202:25:202:Infinity":65,"f:222:27:222:28":13,"s:223:14:281:Infinity":66,"f:229:38:229:39":14,"s:230:22:235:Infinity":67,"b:234:51:234:63:234:63:234:Infinity":13,"b:241:42:241:53:241:53:241:Infinity":14,"b:242:42:242:54:242:54:242:Infinity":15,"b:251:22:251:Infinity:252:22:252:Infinity":16,"b:256:22:256:Infinity:257:22:257:Infinity":17,"b:260:19:260:Infinity:261:20:269:Infinity":18,"f:264:33:264:39":15,"s:264:39:264:Infinity":68,"f:274:31:274:37":16,"s:274:37:274:Infinity":69,"b:283:13:283:Infinity:284:14:290:Infinity":19,"f:309:24:309:25":17,"s:310:16:310:Infinity":70,"f:319:33:319:34":18,"s:319:40:319:46":71,"f:321:24:321:25":19,"s:322:16:322:Infinity":72,"f:324:27:324:28":20,"s:325:16:329:Infinity":73,"f:331:26:331:27":21,"s:332:16:337:Infinity":74,"f:332:26:332:27":22,"s:333:43:333:Infinity":75,"s:334:18:335:Infinity":76,"f:344:24:344:25":23,"s:345:16:348:Infinity":77,"b:347:33:347:61:347:61:347:Infinity":20,"b:397:37:397:49:397:49:397:Infinity":21,"b:398:68:398:80:398:80:398:Infinity":22,"b:416:46:416:82:416:82:416:Infinity":23,"f:429:17:429:23":24,"s:429:23:429:Infinity":78,"f:440:27:440:33":25,"s:440:33:440:61":79}}}
,"/Users/samantha/dev/lightning-engine/lightning/webpanel/src/components/AutoscalerPanel.tsx": {"path":"/Users/samantha/dev/lightning-engine/lightning/webpanel/src/components/AutoscalerPanel.tsx","statementMap":{"0":{"start":{"line":36,"column":34},"end":{"line":317,"column":null}},"1":{"start":{"line":42,"column":2},"end":{"line":42,"column":null}},"2":{"start":{"line":49,"column":2},"end":{"line":49,"column":null}},"3":{"start":{"line":51,"column":26},"end":{"line":51,"column":null}},"4":{"start":{"line":53,"column":34},"end":{"line":53,"column":null}},"5":{"start":{"line":54,"column":28},"end":{"line":54,"column":null}},"6":{"start":{"line":56,"column":24},"end":{"line":59,"column":null}},"7":{"start":{"line":57,"column":4},"end":{"line":57,"column":null}},"8":{"start":{"line":58,"column":4},"end":{"line":58,"column":null}},"9":{"start":{"line":61,"column":28},"end":{"line":70,"column":null}},"10":{"start":{"line":62,"column":4},"end":{"line":69,"column":null}},"11":{"start":{"line":63,"column":6},"end":{"line":63,"column":null}},"12":{"start":{"line":64,"column":6},"end":{"line":64,"column":null}},"13":{"start":{"line":66,"column":6},"end":{"line":68,"column":null}},"14":{"start":{"line":72,"column":24},"end":{"line":81,"column":null}},"15":{"start":{"line":73,"column":4},"end":{"line":80,"column":null}},"16":{"start":{"line":75,"column":8},"end":{"line":75,"column":null}},"17":{"start":{"line":77,"column":8},"end":{"line":77,"column":null}},"18":{"start":{"line":79,"column":8},"end":{"line":79,"column":null}},"19":{"start":{"line":83,"column":25},"end":{"line":92,"column":null}},"20":{"start":{"line":84,"column":4},"end":{"line":91,"column":null}},"21":{"start":{"line":86,"column":8},"end":{"line":86,"column":null}},"22":{"start":{"line":88,"column":8},"end":{"line":88,"column":null}},"23":{"start":{"line":90,"column":8},"end":{"line":90,"column":null}},"24":{"start":{"line":94,"column":25},"end":{"line":103,"column":null}},"25":{"start":{"line":95,"column":4},"end":{"line":102,"column":null}},"26":{"start":{"line":97,"column":8},"end":{"line":97,"column":null}},"27":{"start":{"line":99,"column":8},"end":{"line":99,"column":null}},"28":{"start":{"line":101,"column":8},"end":{"line":101,"column":null}},"29":{"start":{"line":105,"column":20},"end":{"line":105,"column":null}},"30":{"start":{"line":106,"column":16},"end":{"line":106,"column":null}},"31":{"start":{"line":108,"column":2},"end":{"line":114,"column":null}},"32":{"start":{"line":109,"column":4},"end":{"line":112,"column":null}},"33":{"start":{"line":116,"column":2},"end":{"line":122,"column":null}},"34":{"start":{"line":117,"column":4},"end":{"line":120,"column":null}},"35":{"start":{"line":124,"column":2},"end":{"line":315,"column":null}},"36":{"start":{"line":141,"column":62},"end":{"line":141,"column":null}},"37":{"start":{"line":147,"column":64},"end":{"line":147,"column":null}},"38":{"start":{"line":320,"column":74},"end":{"line":339,"column":null}},"39":{"start":{"line":323,"column":2},"end":{"line":339,"column":null}}},"fnMap":{"0":{"name":"(anonymous_0)","decl":{"start":{"line":36,"column":34},"end":{"line":36,"column":40}},"loc":{"start":{"line":36,"column":40},"end":{"line":317,"column":null}},"line":36},"1":{"name":"(anonymous_1)","decl":{"start":{"line":56,"column":24},"end":{"line":56,"column":30}},"loc":{"start":{"line":56,"column":30},"end":{"line":59,"column":null}},"line":56},"2":{"name":"(anonymous_2)","decl":{"start":{"line":61,"column":28},"end":{"line":61,"column":40}},"loc":{"start":{"line":61,"column":40},"end":{"line":70,"column":null}},"line":61},"3":{"name":"(anonymous_3)","decl":{"start":{"line":72,"column":24},"end":{"line":72,"column":25}},"loc":{"start":{"line":72,"column":44},"end":{"line":81,"column":null}},"line":72},"4":{"name":"(anonymous_4)","decl":{"start":{"line":83,"column":25},"end":{"line":83,"column":26}},"loc":{"start":{"line":83,"column":80},"end":{"line":92,"column":null}},"line":83},"5":{"name":"(anonymous_5)","decl":{"start":{"line":94,"column":25},"end":{"line":94,"column":26}},"loc":{"start":{"line":94,"column":45},"end":{"line":103,"column":null}},"line":94},"6":{"name":"(anonymous_6)","decl":{"start":{"line":141,"column":56},"end":{"line":141,"column":62}},"loc":{"start":{"line":141,"column":62},"end":{"line":141,"column":null}},"line":141},"7":{"name":"(anonymous_7)","decl":{"start":{"line":147,"column":58},"end":{"line":147,"column":64}},"loc":{"start":{"line":147,"column":64},"end":{"line":147,"column":null}},"line":147},"8":{"name":"(anonymous_8)","decl":{"start":{"line":320,"column":74},"end":{"line":320,"column":75}},"loc":{"start":{"line":323,"column":2},"end":{"line":339,"column":null}},"line":323}},"branchMap":{"0":{"loc":{"start":{"line":67,"column":8},"end":{"line":67,"column":null}},"type":"cond-expr","locations":[{"start":{"line":67,"column":31},"end":{"line":67,"column":45}},{"start":{"line":67,"column":45},"end":{"line":67,"column":null}}],"line":67},"1":{"loc":{"start":{"line":73,"column":4},"end":{"line":80,"column":null}},"type":"switch","locations":[{"start":{"line":74,"column":6},"end":{"line":75,"column":null}},{"start":{"line":76,"column":6},"end":{"line":77,"column":null}},{"start":{"line":78,"column":6},"end":{"line":79,"column":null}}],"line":73},"2":{"loc":{"start":{"line":84,"column":4},"end":{"line":91,"column":null}},"type":"switch","locations":[{"start":{"line":85,"column":6},"end":{"line":86,"column":null}},{"start":{"line":87,"column":6},"end":{"line":88,"column":null}},{"start":{"line":89,"column":6},"end":{"line":90,"column":null}}],"line":84},"3":{"loc":{"start":{"line":95,"column":4},"end":{"line":102,"column":null}},"type":"switch","locations":[{"start":{"line":96,"column":6},"end":{"line":97,"column":null}},{"start":{"line":98,"column":6},"end":{"line":99,"column":null}},{"start":{"line":100,"column":6},"end":{"line":101,"column":null}}],"line":95},"4":{"loc":{"start":{"line":105,"column":20},"end":{"line":105,"column":null}},"type":"binary-expr","locations":[{"start":{"line":105,"column":20},"end":{"line":105,"column":37}},{"start":{"line":105,"column":37},"end":{"line":105,"column":null}}],"line":105},"5":{"loc":{"start":{"line":106,"column":16},"end":{"line":106,"column":null}},"type":"binary-expr","locations":[{"start":{"line":106,"column":16},"end":{"line":106,"column":31}},{"start":{"line":106,"column":31},"end":{"line":106,"column":null}}],"line":106},"6":{"loc":{"start":{"line":108,"column":2},"end":{"line":114,"column":null}},"type":"if","locations":[{"start":{"line":108,"column":2},"end":{"line":114,"column":null}},{"start":{},"end":{}}],"line":108},"7":{"loc":{"start":{"line":116,"column":2},"end":{"line":122,"column":null}},"type":"if","locations":[{"start":{"line":116,"column":2},"end":{"line":122,"column":null}},{"start":{},"end":{}}],"line":116},"8":{"loc":{"start":{"line":140,"column":7},"end":{"line":143,"column":null}},"type":"binary-expr","locations":[{"start":{"line":140,"column":7},"end":{"line":140,"column":null}},{"start":{"line":141,"column":8},"end":{"line":143,"column":null}}],"line":140},"9":{"loc":{"start":{"line":146,"column":7},"end":{"line":149,"column":null}},"type":"binary-expr","locations":[{"start":{"line":146,"column":7},"end":{"line":146,"column":null}},{"start":{"line":147,"column":8},"end":{"line":149,"column":null}}],"line":146},"10":{"loc":{"start":{"line":161,"column":17},"end":{"line":170,"column":null}},"type":"cond-expr","locations":[{"start":{"line":162,"column":18},"end":{"line":165,"column":null}},{"start":{"line":167,"column":18},"end":{"line":170,"column":null}}],"line":161},"11":{"loc":{"start":{"line":173,"column":15},"end":{"line":177,"column":null}},"type":"binary-expr","locations":[{"start":{"line":173,"column":15},"end":{"line":173,"column":null}},{"start":{"line":174,"column":16},"end":{"line":177,"column":null}}],"line":173},"12":{"loc":{"start":{"line":190,"column":15},"end":{"line":264,"column":null}},"type":"cond-expr","locations":[{"start":{"line":191,"column":16},"end":{"line":260,"column":null}},{"start":{"line":262,"column":16},"end":{"line":264,"column":null}}],"line":190},"13":{"loc":{"start":{"line":229,"column":26},"end":{"line":233,"column":null}},"type":"cond-expr","locations":[{"start":{"line":230,"column":30},"end":{"line":230,"column":null}},{"start":{"line":231,"column":30},"end":{"line":233,"column":null}}],"line":229},"14":{"loc":{"start":{"line":231,"column":30},"end":{"line":233,"column":null}},"type":"cond-expr","locations":[{"start":{"line":232,"column":30},"end":{"line":232,"column":null}},{"start":{"line":233,"column":30},"end":{"line":233,"column":null}}],"line":231},"15":{"loc":{"start":{"line":240,"column":19},"end":{"line":258,"column":null}},"type":"binary-expr","locations":[{"start":{"line":240,"column":19},"end":{"line":240,"column":null}},{"start":{"line":241,"column":20},"end":{"line":258,"column":null}}],"line":240},"16":{"loc":{"start":{"line":271,"column":9},"end":{"line":312,"column":null}},"type":"binary-expr","locations":[{"start":{"line":271,"column":9},"end":{"line":271,"column":null}},{"start":{"line":272,"column":10},"end":{"line":312,"column":null}}],"line":271}},"s":{"0":1,"1":36,"2":36,"3":36,"4":36,"5":36,"6":36,"7":0,"8":0,"9":36,"10":0,"11":0,"12":0,"13":0,"14":36,"15":12,"16":0,"17":0,"18":12,"19":36,"20":24,"21":12,"22":0,"23":12,"24":36,"25":12,"26":0,"27":0,"28":12,"29":36,"30":36,"31":36,"32":24,"33":12,"34":0,"35":12,"36":0,"37":0,"38":1,"39":12},"f":{"0":36,"1":0,"2":0,"3":12,"4":24,"5":12,"6":0,"7":0,"8":12},"b":{"0":[0,0],"1":[0,0,12],"2":[12,0,12],"3":[0,0,12],"4":[36,12],"5":[36,36],"6":[24,12],"7":[0,12],"8":[12,0],"9":[36,0],"10":[0,12],"11":[36,0],"12":[12,0],"13":[0,12],"14":[0,12],"15":[12,0],"16":[36,12]},"meta":{"lastBranch":17,"lastFunction":9,"lastStatement":40,"seen":{"s:36:34:317:Infinity":0,"f:36:34:36:40":0,"s:42:2:42:Infinity":1,"s:49:2:49:Infinity":2,"s:51:26:51:Infinity":3,"s:53:34:53:Infinity":4,"s:54:28:54:Infinity":5,"s:56:24:59:Infinity":6,"f:56:24:56:30":1,"s:57:4:57:Infinity":7,"s:58:4:58:Infinity":8,"s:61:28:70:Infinity":9,"f:61:28:61:40":2,"s:62:4:69:Infinity":10,"s:63:6:63:Infinity":11,"s:64:6:64:Infinity":12,"s:66:6:68:Infinity":13,"b:67:31:67:45:67:45:67:Infinity":0,"s:72:24:81:Infinity":14,"f:72:24:72:25":3,"b:74:6:75:Infinity:76:6:77:Infinity:78:6:79:Infinity":1,"s:73:4:80:Infinity":15,"s:75:8:75:Infinity":16,"s:77:8:77:Infinity":17,"s:79:8:79:Infinity":18,"s:83:25:92:Infinity":19,"f:83:25:83:26":4,"b:85:6:86:Infinity:87:6:88:Infinity:89:6:90:Infinity":2,"s:84:4:91:Infinity":20,"s:86:8:86:Infinity":21,"s:88:8:88:Infinity":22,"s:90:8:90:Infinity":23,"s:94:25:103:Infinity":24,"f:94:25:94:26":5,"b:96:6:97:Infinity:98:6:99:Infinity:100:6:101:Infinity":3,"s:95:4:102:Infinity":25,"s:97:8:97:Infinity":26,"s:99:8:99:Infinity":27,"s:101:8:101:Infinity":28,"s:105:20:105:Infinity":29,"b:105:20:105:37:105:37:105:Infinity":4,"s:106:16:106:Infinity":30,"b:106:16:106:31:106:31:106:Infinity":5,"b:108:2:114:Infinity:undefined:undefined:undefined:undefined":6,"s:108:2:114:Infinity":31,"s:109:4:112:Infinity":32,"b:116:2:122:Infinity:undefined:undefined:undefined:undefined":7,"s:116:2:122:Infinity":33,"s:117:4:120:Infinity":34,"s:124:2:315:Infinity":35,"b:140:7:140:Infinity:141:8:143:Infinity":8,"f:141:56:141:62":6,"s:141:62:141:Infinity":36,"b:146:7:146:Infinity:147:8:149:Infinity":9,"f:147:58:147:64":7,"s:147:64:147:Infinity":37,"b:162:18:165:Infinity:167:18:170:Infinity":10,"b:173:15:173:Infinity:174:16:177:Infinity":11,"b:191:16:260:Infinity:262:16:264:Infinity":12,"b:230:30:230:Infinity:231:30:233:Infinity":13,"b:232:30:232:Infinity:233:30:233:Infinity":14,"b:240:19:240:Infinity:241:20:258:Infinity":15,"b:271:9:271:Infinity:272:10:312:Infinity":16,"s:320:74:339:Infinity":38,"f:320:74:320:75":8,"s:323:2:339:Infinity":39}}}
,"/Users/samantha/dev/lightning-engine/lightning/webpanel/src/components/ClusterMatchesPanel.tsx": {"path":"/Users/samantha/dev/lightning-engine/lightning/webpanel/src/components/ClusterMatchesPanel.tsx","statementMap":{"0":{"start":{"line":50,"column":38},"end":{"line":396,"column":null}},"1":{"start":{"line":51,"column":38},"end":{"line":51,"column":null}},"2":{"start":{"line":57,"column":2},"end":{"line":57,"column":null}},"3":{"start":{"line":59,"column":29},"end":{"line":59,"column":null}},"4":{"start":{"line":60,"column":27},"end":{"line":60,"column":null}},"5":{"start":{"line":62,"column":20},"end":{"line":62,"column":null}},"6":{"start":{"line":63,"column":20},"end":{"line":63,"column":null}},"7":{"start":{"line":64,"column":20},"end":{"line":64,"column":null}},"8":{"start":{"line":66,"column":34},"end":{"line":66,"column":null}},"9":{"start":{"line":67,"column":28},"end":{"line":67,"column":null}},"10":{"start":{"line":69,"column":46},"end":{"line":69,"column":null}},"11":{"start":{"line":70,"column":44},"end":{"line":70,"column":null}},"12":{"start":{"line":71,"column":40},"end":{"line":71,"column":null}},"13":{"start":{"line":73,"column":48},"end":{"line":73,"column":null}},"14":{"start":{"line":74,"column":40},"end":{"line":77,"column":null}},"15":{"start":{"line":79,"column":25},"end":{"line":92,"column":null}},"16":{"start":{"line":80,"column":4},"end":{"line":91,"column":null}},"17":{"start":{"line":82,"column":8},"end":{"line":82,"column":null}},"18":{"start":{"line":84,"column":8},"end":{"line":84,"column":null}},"19":{"start":{"line":86,"column":8},"end":{"line":86,"column":null}},"20":{"start":{"line":88,"column":8},"end":{"line":88,"column":null}},"21":{"start":{"line":90,"column":8},"end":{"line":90,"column":null}},"22":{"start":{"line":94,"column":28},"end":{"line":107,"column":null}},"23":{"start":{"line":95,"column":4},"end":{"line":106,"column":null}},"24":{"start":{"line":96,"column":21},"end":{"line":99,"column":null}},"25":{"start":{"line":100,"column":6},"end":{"line":100,"column":null}},"26":{"start":{"line":101,"column":6},"end":{"line":101,"column":null}},"27":{"start":{"line":102,"column":6},"end":{"line":102,"column":null}},"28":{"start":{"line":103,"column":6},"end":{"line":103,"column":null}},"29":{"start":{"line":105,"column":6},"end":{"line":105,"column":null}},"30":{"start":{"line":109,"column":28},"end":{"line":112,"column":null}},"31":{"start":{"line":110,"column":4},"end":{"line":110,"column":null}},"32":{"start":{"line":111,"column":4},"end":{"line":111,"column":null}},"33":{"start":{"line":114,"column":28},"end":{"line":117,"column":null}},"34":{"start":{"line":115,"column":4},"end":{"line":115,"column":null}},"35":{"start":{"line":116,"column":4},"end":{"line":116,"column":null}},"36":{"start":{"line":119,"column":24},"end":{"line":138,"column":null}},"37":{"start":{"line":120,"column":4},"end":{"line":120,"column":null}},"38":{"start":{"line":120,"column":24},"end":{"line":120,"column":null}},"39":{"start":{"line":122,"column":4},"end":{"line":134,"column":null}},"40":{"start":{"line":123,"column":6},"end":{"line":129,"column":null}},"41":{"start":{"line":124,"column":8},"end":{"line":124,"column":null}},"42":{"start":{"line":125,"column":8},"end":{"line":125,"column":null}},"43":{"start":{"line":127,"column":8},"end":{"line":127,"column":null}},"44":{"start":{"line":128,"column":8},"end":{"line":128,"column":null}},"45":{"start":{"line":131,"column":6},"end":{"line":133,"column":null}},"46":{"start":{"line":136,"column":4},"end":{"line":136,"column":null}},"47":{"start":{"line":137,"column":4},"end":{"line":137,"column":null}},"48":{"start":{"line":140,"column":2},"end":{"line":146,"column":null}},"49":{"start":{"line":141,"column":4},"end":{"line":144,"column":null}},"50":{"start":{"line":148,"column":2},"end":{"line":154,"column":null}},"51":{"start":{"line":149,"column":4},"end":{"line":152,"column":null}},"52":{"start":{"line":156,"column":2},"end":{"line":394,"column":null}},"53":{"start":{"line":173,"column":31},"end":{"line":173,"column":null}},"54":{"start":{"line":182,"column":37},"end":{"line":182,"column":48}},"55":{"start":{"line":188,"column":27},"end":{"line":188,"column":null}},"56":{"start":{"line":196,"column":62},"end":{"line":196,"column":null}},"57":{"start":{"line":202,"column":64},"end":{"line":202,"column":null}},"58":{"start":{"line":222,"column":14},"end":{"line":286,"column":null}},"59":{"start":{"line":242,"column":22},"end":{"line":242,"column":null}},"60":{"start":{"line":259,"column":39},"end":{"line":259,"column":null}},"61":{"start":{"line":269,"column":39},"end":{"line":269,"column":null}},"62":{"start":{"line":279,"column":37},"end":{"line":279,"column":null}},"63":{"start":{"line":305,"column":23},"end":{"line":305,"column":null}},"64":{"start":{"line":314,"column":42},"end":{"line":314,"column":48}},"65":{"start":{"line":316,"column":41},"end":{"line":316,"column":null}},"66":{"start":{"line":318,"column":16},"end":{"line":322,"column":null}},"67":{"start":{"line":325,"column":16},"end":{"line":328,"column":null}},"68":{"start":{"line":326,"column":43},"end":{"line":326,"column":null}},"69":{"start":{"line":327,"column":18},"end":{"line":327,"column":null}},"70":{"start":{"line":336,"column":33},"end":{"line":336,"column":null}},"71":{"start":{"line":340,"column":33},"end":{"line":340,"column":55}},"72":{"start":{"line":342,"column":20},"end":{"line":344,"column":null}},"73":{"start":{"line":351,"column":33},"end":{"line":351,"column":61}},"74":{"start":{"line":363,"column":54},"end":{"line":363,"column":null}},"75":{"start":{"line":384,"column":33},"end":{"line":384,"column":62}}},"fnMap":{"0":{"name":"(anonymous_0)","decl":{"start":{"line":50,"column":38},"end":{"line":50,"column":44}},"loc":{"start":{"line":50,"column":44},"end":{"line":396,"column":null}},"line":50},"1":{"name":"(anonymous_1)","decl":{"start":{"line":79,"column":25},"end":{"line":79,"column":26}},"loc":{"start":{"line":79,"column":45},"end":{"line":92,"column":null}},"line":79},"2":{"name":"(anonymous_2)","decl":{"start":{"line":94,"column":28},"end":{"line":94,"column":40}},"loc":{"start":{"line":94,"column":40},"end":{"line":107,"column":null}},"line":94},"3":{"name":"(anonymous_3)","decl":{"start":{"line":109,"column":28},"end":{"line":109,"column":29}},"loc":{"start":{"line":109,"column":49},"end":{"line":112,"column":null}},"line":109},"4":{"name":"(anonymous_4)","decl":{"start":{"line":114,"column":28},"end":{"line":114,"column":29}},"loc":{"start":{"line":114,"column":49},"end":{"line":117,"column":null}},"line":114},"5":{"name":"(anonymous_5)","decl":{"start":{"line":119,"column":24},"end":{"line":119,"column":36}},"loc":{"start":{"line":119,"column":36},"end":{"line":138,"column":null}},"line":119},"6":{"name":"(anonymous_6)","decl":{"start":{"line":173,"column":24},"end":{"line":173,"column":25}},"loc":{"start":{"line":173,"column":31},"end":{"line":173,"column":null}},"line":173},"7":{"name":"(anonymous_7)","decl":{"start":{"line":182,"column":31},"end":{"line":182,"column":37}},"loc":{"start":{"line":182,"column":37},"end":{"line":182,"column":48}},"line":182},"8":{"name":"(anonymous_8)","decl":{"start":{"line":188,"column":21},"end":{"line":188,"column":27}},"loc":{"start":{"line":188,"column":27},"end":{"line":188,"column":null}},"line":188},"9":{"name":"(anonymous_9)","decl":{"start":{"line":196,"column":56},"end":{"line":196,"column":62}},"loc":{"start":{"line":196,"column":62},"end":{"line":196,"column":null}},"line":196},"10":{"name":"(anonymous_10)","decl":{"start":{"line":202,"column":58},"end":{"line":202,"column":64}},"loc":{"start":{"line":202,"column":64},"end":{"line":202,"column":null}},"line":202},"11":{"name":"(anonymous_11)","decl":{"start":{"line":221,"column":25},"end":{"line":221,"column":26}},"loc":{"start":{"line":222,"column":14},"end":{"line":286,"column":null}},"line":222},"12":{"name":"(anonymous_12)","decl":{"start":{"line":241,"column":55},"end":{"line":241,"column":56}},"loc":{"start":{"line":242,"column":22},"end":{"line":242,"column":null}},"line":242},"13":{"name":"(anonymous_13)","decl":{"start":{"line":259,"column":33},"end":{"line":259,"column":39}},"loc":{"start":{"line":259,"column":39},"end":{"line":259,"column":null}},"line":259},"14":{"name":"(anonymous_14)","decl":{"start":{"line":269,"column":33},"end":{"line":269,"column":39}},"loc":{"start":{"line":269,"column":39},"end":{"line":269,"column":null}},"line":269},"15":{"name":"(anonymous_15)","decl":{"start":{"line":279,"column":31},"end":{"line":279,"column":37}},"loc":{"start":{"line":279,"column":37},"end":{"line":279,"column":null}},"line":279},"16":{"name":"(anonymous_16)","decl":{"start":{"line":305,"column":17},"end":{"line":305,"column":23}},"loc":{"start":{"line":305,"column":23},"end":{"line":305,"column":null}},"line":305},"17":{"name":"(anonymous_17)","decl":{"start":{"line":314,"column":35},"end":{"line":314,"column":36}},"loc":{"start":{"line":314,"column":42},"end":{"line":314,"column":48}},"line":314},"18":{"name":"(anonymous_18)","decl":{"start":{"line":316,"column":24},"end":{"line":316,"column":25}},"loc":{"start":{"line":316,"column":41},"end":{"line":316,"column":null}},"line":316},"19":{"name":"(anonymous_19)","decl":{"start":{"line":317,"column":27},"end":{"line":317,"column":28}},"loc":{"start":{"line":318,"column":16},"end":{"line":322,"column":null}},"line":318},"20":{"name":"(anonymous_20)","decl":{"start":{"line":324,"column":26},"end":{"line":324,"column":27}},"loc":{"start":{"line":325,"column":16},"end":{"line":328,"column":null}},"line":325},"21":{"name":"(anonymous_21)","decl":{"start":{"line":325,"column":26},"end":{"line":325,"column":27}},"loc":{"start":{"line":325,"column":45},"end":{"line":328,"column":17}},"line":325},"22":{"name":"(anonymous_22)","decl":{"start":{"line":336,"column":26},"end":{"line":336,"column":27}},"loc":{"start":{"line":336,"column":33},"end":{"line":336,"column":null}},"line":336},"23":{"name":"(anonymous_23)","decl":{"start":{"line":340,"column":26},"end":{"line":340,"column":27}},"loc":{"start":{"line":340,"column":33},"end":{"line":340,"column":55}},"line":340},"24":{"name":"(anonymous_24)","decl":{"start":{"line":341,"column":23},"end":{"line":341,"column":24}},"loc":{"start":{"line":342,"column":20},"end":{"line":344,"column":null}},"line":342},"25":{"name":"(anonymous_25)","decl":{"start":{"line":351,"column":27},"end":{"line":351,"column":33}},"loc":{"start":{"line":351,"column":33},"end":{"line":351,"column":61}},"line":351},"26":{"name":"(anonymous_26)","decl":{"start":{"line":363,"column":48},"end":{"line":363,"column":54}},"loc":{"start":{"line":363,"column":54},"end":{"line":363,"column":null}},"line":363},"27":{"name":"(anonymous_27)","decl":{"start":{"line":384,"column":27},"end":{"line":384,"column":33}},"loc":{"start":{"line":384,"column":33},"end":{"line":384,"column":62}},"line":384}},"branchMap":{"0":{"loc":{"start":{"line":53,"column":10},"end":{"line":53,"column":null}},"type":"default-arg","locations":[{"start":{"line":53,"column":20},"end":{"line":53,"column":null}}],"line":53},"1":{"loc":{"start":{"line":57,"column":32},"end":{"line":57,"column":57}},"type":"binary-expr","locations":[{"start":{"line":57,"column":32},"end":{"line":57,"column":48}},{"start":{"line":57,"column":48},"end":{"line":57,"column":57}}],"line":57},"2":{"loc":{"start":{"line":59,"column":16},"end":{"line":59,"column":29}},"type":"default-arg","locations":[{"start":{"line":59,"column":26},"end":{"line":59,"column":29}}],"line":59},"3":{"loc":{"start":{"line":60,"column":16},"end":{"line":60,"column":27}},"type":"default-arg","locations":[{"start":{"line":60,"column":24},"end":{"line":60,"column":27}}],"line":60},"4":{"loc":{"start":{"line":80,"column":4},"end":{"line":91,"column":null}},"type":"switch","locations":[{"start":{"line":81,"column":6},"end":{"line":82,"column":null}},{"start":{"line":83,"column":6},"end":{"line":84,"column":null}},{"start":{"line":85,"column":6},"end":{"line":86,"column":null}},{"start":{"line":87,"column":6},"end":{"line":88,"column":null}},{"start":{"line":89,"column":6},"end":{"line":90,"column":null}}],"line":80},"5":{"loc":{"start":{"line":98,"column":25},"end":{"line":98,"column":null}},"type":"binary-expr","locations":[{"start":{"line":98,"column":25},"end":{"line":98,"column":42}},{"start":{"line":98,"column":42},"end":{"line":98,"column":null}}],"line":98},"6":{"loc":{"start":{"line":105,"column":20},"end":{"line":105,"column":81}},"type":"cond-expr","locations":[{"start":{"line":105,"column":43},"end":{"line":105,"column":57}},{"start":{"line":105,"column":57},"end":{"line":105,"column":81}}],"line":105},"7":{"loc":{"start":{"line":120,"column":4},"end":{"line":120,"column":null}},"type":"if","locations":[{"start":{"line":120,"column":4},"end":{"line":120,"column":null}},{"start":{},"end":{}}],"line":120},"8":{"loc":{"start":{"line":123,"column":6},"end":{"line":129,"column":null}},"type":"if","locations":[{"start":{"line":123,"column":6},"end":{"line":129,"column":null}},{"start":{"line":126,"column":13},"end":{"line":129,"column":null}}],"line":123},"9":{"loc":{"start":{"line":132,"column":8},"end":{"line":132,"column":null}},"type":"cond-expr","locations":[{"start":{"line":132,"column":31},"end":{"line":132,"column":45}},{"start":{"line":132,"column":45},"end":{"line":132,"column":null}}],"line":132},"10":{"loc":{"start":{"line":140,"column":2},"end":{"line":146,"column":null}},"type":"if","locations":[{"start":{"line":140,"column":2},"end":{"line":146,"column":null}},{"start":{},"end":{}}],"line":140},"11":{"loc":{"start":{"line":148,"column":2},"end":{"line":154,"column":null}},"type":"if","locations":[{"start":{"line":148,"column":2},"end":{"line":154,"column":null}},{"start":{},"end":{}}],"line":148},"12":{"loc":{"start":{"line":195,"column":7},"end":{"line":198,"column":null}},"type":"binary-expr","locations":[{"start":{"line":195,"column":7},"end":{"line":195,"column":null}},{"start":{"line":196,"column":8},"end":{"line":198,"column":null}}],"line":195},"13":{"loc":{"start":{"line":201,"column":7},"end":{"line":204,"column":null}},"type":"binary-expr","locations":[{"start":{"line":201,"column":7},"end":{"line":201,"column":null}},{"start":{"line":202,"column":8},"end":{"line":204,"column":null}}],"line":201},"14":{"loc":{"start":{"line":244,"column":21},"end":{"line":249,"column":null}},"type":"binary-expr","locations":[{"start":{"line":244,"column":21},"end":{"line":244,"column":null}},{"start":{"line":245,"column":22},"end":{"line":249,"column":null}}],"line":244},"15":{"loc":{"start":{"line":255,"column":19},"end":{"line":263,"column":null}},"type":"binary-expr","locations":[{"start":{"line":255,"column":19},"end":{"line":255,"column":null}},{"start":{"line":256,"column":20},"end":{"line":263,"column":null}}],"line":255},"16":{"loc":{"start":{"line":265,"column":19},"end":{"line":274,"column":null}},"type":"binary-expr","locations":[{"start":{"line":265,"column":19},"end":{"line":265,"column":null}},{"start":{"line":266,"column":20},"end":{"line":274,"column":null}}],"line":265},"17":{"loc":{"start":{"line":288,"column":13},"end":{"line":296,"column":null}},"type":"binary-expr","locations":[{"start":{"line":288,"column":13},"end":{"line":288,"column":null}},{"start":{"line":289,"column":14},"end":{"line":296,"column":null}}],"line":288},"18":{"loc":{"start":{"line":293,"column":21},"end":{"line":293,"column":null}},"type":"binary-expr","locations":[{"start":{"line":293,"column":21},"end":{"line":293,"column":37}},{"start":{"line":293,"column":37},"end":{"line":293,"column":null}}],"line":293},"19":{"loc":{"start":{"line":365,"column":11},"end":{"line":365,"column":null}},"type":"cond-expr","locations":[{"start":{"line":365,"column":46},"end":{"line":365,"column":63}},{"start":{"line":365,"column":63},"end":{"line":365,"column":null}}],"line":365},"20":{"loc":{"start":{"line":369,"column":13},"end":{"line":379,"column":null}},"type":"cond-expr","locations":[{"start":{"line":370,"column":14},"end":{"line":374,"column":null}},{"start":{"line":376,"column":14},"end":{"line":379,"column":null}}],"line":369},"21":{"loc":{"start":{"line":387,"column":19},"end":{"line":387,"column":null}},"type":"cond-expr","locations":[{"start":{"line":387,"column":54},"end":{"line":387,"column":66}},{"start":{"line":387,"column":66},"end":{"line":387,"column":null}}],"line":387},"22":{"loc":{"start":{"line":390,"column":13},"end":{"line":390,"column":null}},"type":"cond-expr","locations":[{"start":{"line":390,"column":48},"end":{"line":390,"column":59}},{"start":{"line":390,"column":59},"end":{"line":390,"column":null}}],"line":390}},"s":{"0":0,"1":0,"2":0,"3":0,"4":0,"5":0,"6":0,"7":0,"8":0,"9":0,"10":0,"11":0,"12":0,"13":0,"14":0,"15":0,"16":0,"17":0,"18":0,"19":0,"20":0,"21":0,"22":0,"23":0,"24":0,"25":0,"26":0,"27":0,"28":0,"29":0,"30":0,"31":0,"32":0,"33":0,"34":0,"35":0,"36":0,"37":0,"38":0,"39":0,"40":0,"41":0,"42":0,"43":0,"44":0,"45":0,"46":0,"47":0,"48":0,"49":0,"50":0,"51":0,"52":0,"53":0,"54":0,"55":0,"56":0,"57":0,"58":0,"59":0,"60":0,"61":0,"62":0,"63":0,"64":0,"65":0,"66":0,"67":0,"68":0,"69":0,"70":0,"71":0,"72":0,"73":0,"74":0,"75":0},"f":{"0":0,"1":0,"2":0,"3":0,"4":0,"5":0,"6":0,"7":0,"8":0,"9":0,"10":0,"11":0,"12":0,"13":0,"14":0,"15":0,"16":0,"17":0,"18":0,"19":0,"20":0,"21":0,"22":0,"23":0,"24":0,"25":0,"26":0,"27":0},"b":{"0":[0],"1":[0,0],"2":[0],"3":[0],"4":[0,0,0,0,0],"5":[0,0],"6":[0,0],"7":[0,0],"8":[0,0],"9":[0,0],"10":[0,0],"11":[0,0],"12":[0,0],"13":[0,0],"14":[0,0],"15":[0,0],"16":[0,0],"17":[0,0],"18":[0,0],"19":[0,0],"20":[0,0],"21":[0,0],"22":[0,0]},"meta":{"lastBranch":23,"lastFunction":28,"lastStatement":76,"seen":{"s:50:38:396:Infinity":0,"f:50:38:50:44":0,"s:51:38:51:Infinity":1,"s:57:2:57:Infinity":2,"b:53:20:53:Infinity":0,"b:57:32:57:48:57:48:57:57":1,"s:59:29:59:Infinity":3,"b:59:26:59:29":2,"s:60:27:60:Infinity":4,"b:60:24:60:27":3,"s:62:20:62:Infinity":5,"s:63:20:63:Infinity":6,"s:64:20:64:Infinity":7,"s:66:34:66:Infinity":8,"s:67:28:67:Infinity":9,"s:69:46:69:Infinity":10,"s:70:44:70:Infinity":11,"s:71:40:71:Infinity":12,"s:73:48:73:Infinity":13,"s:74:40:77:Infinity":14,"s:79:25:92:Infinity":15,"f:79:25:79:26":1,"b:81:6:82:Infinity:83:6:84:Infinity:85:6:86:Infinity:87:6:88:Infinity:89:6:90:Infinity":4,"s:80:4:91:Infinity":16,"s:82:8:82:Infinity":17,"s:84:8:84:Infinity":18,"s:86:8:86:Infinity":19,"s:88:8:88:Infinity":20,"s:90:8:90:Infinity":21,"s:94:28:107:Infinity":22,"f:94:28:94:40":2,"s:95:4:106:Infinity":23,"s:96:21:99:Infinity":24,"b:98:25:98:42:98:42:98:Infinity":5,"s:100:6:100:Infinity":25,"s:101:6:101:Infinity":26,"s:102:6:102:Infinity":27,"s:103:6:103:Infinity":28,"s:105:6:105:Infinity":29,"b:105:43:105:57:105:57:105:81":6,"s:109:28:112:Infinity":30,"f:109:28:109:29":3,"s:110:4:110:Infinity":31,"s:111:4:111:Infinity":32,"s:114:28:117:Infinity":33,"f:114:28:114:29":4,"s:115:4:115:Infinity":34,"s:116:4:116:Infinity":35,"s:119:24:138:Infinity":36,"f:119:24:119:36":5,"b:120:4:120:Infinity:undefined:undefined:undefined:undefined":7,"s:120:4:120:Infinity":37,"s:120:24:120:Infinity":38,"s:122:4:134:Infinity":39,"b:123:6:129:Infinity:126:13:129:Infinity":8,"s:123:6:129:Infinity":40,"s:124:8:124:Infinity":41,"s:125:8:125:Infinity":42,"s:127:8:127:Infinity":43,"s:128:8:128:Infinity":44,"s:131:6:133:Infinity":45,"b:132:31:132:45:132:45:132:Infinity":9,"s:136:4:136:Infinity
[...]
inity":13,"f:700:28:700:29":116,"s:700:41:700:75":123,"f:707:13:707:14":117,"s:707:30:707:Infinity":124,"f:708:20:708:21":118,"s:708:44:710:Infinity":125,"f:714:13:714:14":119,"s:714:22:717:Infinity":126,"f:718:23:718:24":120,"s:718:38:721:Infinity":127,"f:728:13:728:14":121,"s:728:47:731:Infinity":128,"f:732:23:732:24":122,"s:732:63:735:Infinity":129,"f:742:13:742:14":123,"s:742:26:742:Infinity":130,"f:743:20:743:21":124,"s:743:40:743:Infinity":131,"f:750:13:750:14":125,"s:750:30:750:Infinity":132,"f:751:20:751:21":126,"s:751:44:753:Infinity":133,"f:760:13:760:14":127,"s:761:8:761:Infinity":134,"f:762:20:762:21":128,"s:762:57:764:Infinity":135,"f:777:13:777:14":129,"s:778:23:778:Infinity":136,"b:779:8:779:Infinity:undefined:undefined:undefined:undefined":14,"s:779:8:779:Infinity":137,"s:779:36:779:Infinity":138,"b:780:8:780:Infinity:undefined:undefined:undefined:undefined":15,"s:780:8:780:Infinity":139,"s:780:34:780:Infinity":140,"b:781:8:781:Infinity:undefined:undefined:undefined:undefined":16,"s:781:8:781:Infinity":141,"s:781:33:781:Infinity":142,"s:782:22:782:Infinity":143,"s:783:8:783:Infinity":144,"b:783:89:783:103:783:103:783:105":17,"f:785:20:785:21":130,"s:785:57:787:Infinity":145,"f:794:13:794:14":131,"s:795:8:795:Infinity":146,"b:794:46:794:49":18,"f:796:20:796:21":132,"s:796:57:798:Infinity":147,"f:803:13:803:19":133,"s:803:19:803:Infinity":148,"f:808:13:808:14":134,"s:808:26:808:Infinity":149,"f:809:20:809:21":135,"s:809:40:809:Infinity":150,"f:816:13:816:14":136,"s:817:23:817:Infinity":151,"b:818:8:818:Infinity:undefined:undefined:undefined:undefined":19,"s:818:8:818:Infinity":152,"s:818:36:818:Infinity":153,"b:819:8:819:Infinity:undefined:undefined:undefined:undefined":20,"s:819:8:819:Infinity":154,"s:819:34:819:Infinity":155,"b:820:8:820:Infinity:undefined:undefined:undefined:undefined":21,"s:820:8:820:Infinity":156,"s:820:33:820:Infinity":157,"s:821:22:821:Infinity":158,"s:822:8:822:Infinity":159,"b:822:55:822:69:822:69:822:71":22,"f:824:20:824:21":137,"s:824:44:824:Infinity":160,"f:831:13:831:14":138,"s:832:8:832:Infinity":161,"b:831:33:831:36":23,"f:833:20:833:21":139,"s:833:44:833:Infinity":162,"f:843:13:843:14":140,"s:844:8:844:Infinity":163,"f:845:20:845:21":141,"s:845:44:847:Infinity":164,"f:851:13:851:14":142,"s:851:37:854:Infinity":165,"b:852:62:852:80:852:80:852:82":24,"f:864:13:864:19":143,"s:864:19:864:Infinity":166,"f:872:13:872:14":144,"b:872:23:872:26":25,"b:872:37:872:41":26,"s:873:23:873:Infinity":167,"s:874:8:874:Infinity":168,"s:875:8:875:Infinity":169,"b:876:8:876:Infinity:undefined:undefined:undefined:undefined":27,"s:876:8:876:Infinity":170,"s:876:20:876:Infinity":171,"s:877:8:877:Infinity":172,"f:886:13:886:14":145,"b:886:23:886:26":28,"b:886:37:886:41":29,"s:887:23:887:Infinity":173,"s:888:8:888:Infinity":174,"s:889:8:889:Infinity":175,"b:890:8:890:Infinity:undefined:undefined:undefined:undefined":30,"s:890:8:890:Infinity":176,"s:890:20:890:Infinity":177,"b:891:8:891:Infinity:undefined:undefined:undefined:undefined":31,"s:891:8:891:Infinity":178,"s:891:20:891:Infinity":179,"s:892:8:892:Infinity":180,"f:899:13:899:19":146,"s:899:19:899:Infinity":181,"f:904:13:904:19":147,"s:904:19:904:Infinity":182,"f:905:20:905:21":148,"s:906:8:911:Infinity":183,"b:907:12:910:Infinity:911:12:911:Infinity":32,"f:908:28:908:29":149,"s:908:45:908:90":184,"f:915:13:915:14":150,"s:915:25:915:Infinity":185,"f:916:20:916:21":151,"s:916:39:916:Infinity":186,"f:921:13:921:14":152,"s:921:25:921:Infinity":187,"b:921:59:921:81:921:81:921:83":33,"f:922:20:922:21":153,"s:923:8:928:Infinity":188,"b:924:12:927:Infinity:928:12:928:Infinity":34,"f:925:28:925:29":154,"s:925:46:925:93":189,"f:932:13:932:14":155,"s:932:26:932:Infinity":190,"f:933:20:933:21":156,"s:933:40:933:Infinity":191,"f:937:13:937:14":157,"s:937:24:941:Infinity":192,"f:946:13:946:14":158,"s:946:27:949:Infinity":193,"f:950:23:950:24":159,"s:950:43:954:Infinity":194,"f:958:13:958:14":160,"s:958:27:961:Infinity":195,"f:962:23:962:24":161,"s:962:43:966:Infinity":196,"f:971:13:971:14":162,"s:971:26:974:Infinity":197,"f:975:23:975:24":163,"s:975:42:979:Infinity":198,"f:983:13:983:14":164,"s:983:26:986:Infinity":199,"f:987:23:987:24":165,"s:987:42:991:Infinity":200,"f:996:13:996:19":166,"s:996:19:996:Infinity":201,"f:997:20:997:21":167,"s:998:8:1003:Infinity":202,"b:999:12:1002:Infinity:1003:12:1003:Infinity":35,"f:1000:28:1000:29":168,"s:1000:43:1000:88":203,"f:1007:13:1007:14":169,"s:1007:23:1007:Infinity":204,"f:1008:20:1008:21":170,"s:1008:37:1008:Infinity":205,"f:1012:13:1012:14":171,"s:1012:37:1015:Infinity":206,"f:1016:23:1016:24":172,"s:1016:44:1019:Infinity":207,"f:1024:13:1024:14":173,"s:1024:24:1028:Infinity":208,"f:1033:13:1033:14":174,"s:1033:26:1033:Infinity":209,"f:1034:20:1034:21":175,"s:1034:40:1034:Infinity":210,"f:1038:13:1038:14":176,"s:1038:27:1041:Infinity":211,"f:1042:23:1042:24":177,"s:1042:43:1046:Infinity":212,"f:1054:13:1054:19":178,"s:1054:19:1054:Infinity":213,"f:1059:13:1059:19":179,"s:1059:19:1059:Infinity":214,"f:1064:13:1064:20":180,"s:1064:20:1067:Infinity":215,"s:1191:4:1191:Infinity":216}}}
,"/Users/samantha/dev/lightning-engine/lightning/webpanel/src/store/slices/authSlice.ts": {"path":"/Users/samantha/dev/lightning-engine/lightning/webpanel/src/store/slices/authSlice.ts","statementMap":{"0":{"start":{"line":16,"column":32},"end":{"line":20,"column":null}},"1":{"start":{"line":22,"column":6},"end":{"line":56,"column":null}},"2":{"start":{"line":30,"column":6},"end":{"line":30,"column":null}},"3":{"start":{"line":31,"column":6},"end":{"line":31,"column":null}},"4":{"start":{"line":32,"column":6},"end":{"line":32,"column":null}},"5":{"start":{"line":33,"column":6},"end":{"line":33,"column":null}},"6":{"start":{"line":34,"column":6},"end":{"line":34,"column":null}},"7":{"start":{"line":37,"column":6},"end":{"line":37,"column":null}},"8":{"start":{"line":38,"column":6},"end":{"line":38,"column":null}},"9":{"start":{"line":39,"column":6},"end":{"line":39,"column":null}},"10":{"start":{"line":40,"column":6},"end":{"line":40,"column":null}},"11":{"start":{"line":41,"column":6},"end":{"line":41,"column":null}},"12":{"start":{"line":45,"column":4},"end":{"line":54,"column":null}},"13":{"start":{"line":48,"column":8},"end":{"line":48,"column":null}},"14":{"start":{"line":49,"column":8},"end":{"line":49,"column":null}},"15":{"start":{"line":50,"column":8},"end":{"line":50,"column":null}},"16":{"start":{"line":51,"column":8},"end":{"line":51,"column":null}},"17":{"start":{"line":52,"column":8},"end":{"line":52,"column":null}},"18":{"start":{"line":58,"column":42},"end":{"line":58,"column":null}},"19":{"start":{"line":61,"column":37},"end":{"line":62,"column":null}},"20":{"start":{"line":62,"column":2},"end":{"line":62,"column":null}},"21":{"start":{"line":63,"column":27},"end":{"line":63,"column":null}},"22":{"start":{"line":63,"column":49},"end":{"line":63,"column":null}},"23":{"start":{"line":64,"column":30},"end":{"line":64,"column":null}},"24":{"start":{"line":64,"column":52},"end":{"line":64,"column":null}}},"fnMap":{"0":{"name":"(anonymous_0)","decl":{"start":{"line":26,"column":20},"end":{"line":26,"column":null}},"loc":{"start":{"line":29,"column":9},"end":{"line":35,"column":null}},"line":29},"1":{"name":"(anonymous_1)","decl":{"start":{"line":36,"column":12},"end":{"line":36,"column":13}},"loc":{"start":{"line":36,"column":23},"end":{"line":42,"column":null}},"line":36},"2":{"name":"(anonymous_2)","decl":{"start":{"line":44,"column":17},"end":{"line":44,"column":18}},"loc":{"start":{"line":44,"column":30},"end":{"line":55,"column":null}},"line":44},"3":{"name":"(anonymous_3)","decl":{"start":{"line":47,"column":6},"end":{"line":47,"column":7}},"loc":{"start":{"line":47,"column":36},"end":{"line":53,"column":null}},"line":47},"4":{"name":"(anonymous_4)","decl":{"start":{"line":61,"column":37},"end":{"line":61,"column":38}},"loc":{"start":{"line":62,"column":2},"end":{"line":62,"column":null}},"line":62},"5":{"name":"(anonymous_5)","decl":{"start":{"line":63,"column":27},"end":{"line":63,"column":28}},"loc":{"start":{"line":63,"column":49},"end":{"line":63,"column":null}},"line":63},"6":{"name":"(anonymous_6)","decl":{"start":{"line":64,"column":30},"end":{"line":64,"column":31}},"loc":{"start":{"line":64,"column":52},"end":{"line":64,"column":null}},"line":64}},"branchMap":{},"s":{"0":21,"1":21,"2":0,"3":0,"4":0,"5":0,"6":0,"7":0,"8":0,"9":0,"10":0,"11":0,"12":21,"13":1,"14":1,"15":1,"16":1,"17":1,"18":21,"19":21,"20":0,"21":21,"22":0,"23":21,"24":0},"f":{"0":0,"1":0,"2":21,"3":1,"4":0,"5":0,"6":0},"b":{},"meta":{"lastBranch":0,"lastFunction":7,"lastStatement":25,"seen":{"s:16:32:20:Infinity":0,"s:22:6:56:Infinity":1,"f:26:20:26:Infinity":0,"s:30:6:30:Infinity":2,"s:31:6:31:Infinity":3,"s:32:6:32:Infinity":4,"s:33:6:33:Infinity":5,"s:34:6:34:Infinity":6,"f:36:12:36:13":1,"s:37:6:37:Infinity":7,"s:38:6:38:Infinity":8,"s:39:6:39:Infinity":9,"s:40:6:40:Infinity":10,"s:41:6:41:Infinity":11,"f:44:17:44:18":2,"s:45:4:54:Infinity":12,"f:47:6:47:7":3,"s:48:8:48:Infinity":13,"s:49:8:49:Infinity":14,"s:50:8:50:Infinity":15,"s:51:8:51:Infinity":16,"s:52:8:52:Infinity":17,"s:58:42:58:Infinity":18,"s:61:37:62:Infinity":19,"f:61:37:61:38":4,"s:62:2:62:Infinity":20,"s:63:27:63:Infinity":21,"f:63:27:63:28":5,"s:63:49:63:Infinity":22,"s:64:30:64:Infinity":23,"f:64:30:64:31":6,"s:64:52:64:Infinity":24}}}
,"/Users/samantha/dev/lightning-engine/lightning/webpanel/src/store/slices/notificationSlice.ts": {"path":"/Users/samantha/dev/lightning-engine/lightning/webpanel/src/store/slices/notificationSlice.ts","statementMap":{"0":{"start":{"line":23,"column":40},"end":{"line":26,"column":null}},"1":{"start":{"line":28,"column":6},"end":{"line":59,"column":null}},"2":{"start":{"line":36,"column":41},"end":{"line":40,"column":null}},"3":{"start":{"line":41,"column":6},"end":{"line":41,"column":null}},"4":{"start":{"line":43,"column":6},"end":{"line":48,"column":null}},"5":{"start":{"line":44,"column":8},"end":{"line":47,"column":null}},"6":{"start":{"line":51,"column":6},"end":{"line":53,"column":null}},"7":{"start":{"line":52,"column":15},"end":{"line":52,"column":null}},"8":{"start":{"line":56,"column":6},"end":{"line":56,"column":null}},"9":{"start":{"line":62,"column":2},"end":{"line":62,"column":null}},"10":{"start":{"line":65,"column":35},"end":{"line":66,"column":null}},"11":{"start":{"line":66,"column":2},"end":{"line":66,"column":null}},"12":{"start":{"line":67,"column":40},"end":{"line":68,"column":null}},"13":{"start":{"line":68,"column":2},"end":{"line":68,"column":null}}},"fnMap":{"0":{"name":"(anonymous_0)","decl":{"start":{"line":32,"column":21},"end":{"line":32,"column":null}},"loc":{"start":{"line":35,"column":9},"end":{"line":49,"column":null}},"line":35},"1":{"name":"(anonymous_1)","decl":{"start":{"line":50,"column":24},"end":{"line":50,"column":25}},"loc":{"start":{"line":50,"column":66},"end":{"line":54,"column":null}},"line":50},"2":{"name":"(anonymous_2)","decl":{"start":{"line":52,"column":8},"end":{"line":52,"column":9}},"loc":{"start":{"line":52,"column":15},"end":{"line":52,"column":null}},"line":52},"3":{"name":"(anonymous_3)","decl":{"start":{"line":55,"column":24},"end":{"line":55,"column":25}},"loc":{"start":{"line":55,"column":35},"end":{"line":57,"column":null}},"line":55},"4":{"name":"(anonymous_4)","decl":{"start":{"line":65,"column":35},"end":{"line":65,"column":36}},"loc":{"start":{"line":66,"column":2},"end":{"line":66,"column":null}},"line":66},"5":{"name":"(anonymous_5)","decl":{"start":{"line":67,"column":40},"end":{"line":67,"column":41}},"loc":{"start":{"line":68,"column":2},"end":{"line":68,"column":null}},"line":68}},"branchMap":{"0":{"loc":{"start":{"line":43,"column":6},"end":{"line":48,"column":null}},"type":"if","locations":[{"start":{"line":43,"column":6},"end":{"line":48,"column":null}},{"start":{},"end":{}}],"line":43},"1":{"loc":{"start":{"line":68,"column":2},"end":{"line":68,"column":null}},"type":"binary-expr","locations":[{"start":{"line":68,"column":2},"end":{"line":68,"column":42}},{"start":{"line":68,"column":42},"end":{"line":68,"column":null}}],"line":68}},"s":{"0":21,"1":21,"2":0,"3":0,"4":0,"5":0,"6":0,"7":0,"8":0,"9":21,"10":21,"11":0,"12":21,"13":0},"f":{"0":0,"1":0,"2":0,"3":0,"4":0,"5":0},"b":{"0":[0,0],"1":[0,0]},"meta":{"lastBranch":2,"lastFunction":6,"lastStatement":14,"seen":{"s:23:40:26:Infinity":0,"s:28:6:59:Infinity":1,"f:32:21:32:Infinity":0,"s:36:41:40:Infinity":2,"s:41:6:41:Infinity":3,"b:43:6:48:Infinity:undefined:undefined:undefined:undefined":0,"s:43:6:48:Infinity":4,"s:44:8:47:Infinity":5,"f:50:24:50:25":1,"s:51:6:53:Infinity":6,"f:52:8:52:9":2,"s:52:15:52:Infinity":7,"f:55:24:55:25":3,"s:56:6:56:Infinity":8,"s:62:2:62:Infinity":9,"s:65:35:66:Infinity":10,"f:65:35:65:36":4,"s:66:2:66:Infinity":11,"s:67:40:68:Infinity":12,"f:67:40:67:41":5,"s:68:2:68:Infinity":13,"b:68:2:68:42:68:42:68:Infinity":1}}}
,"/Users/samantha/dev/lightning-engine/lightning/webpanel/src/store/slices/uiSlice.ts": {"path":"/Users/samantha/dev/lightning-engine/lightning/webpanel/src/store/slices/uiSlice.ts","statementMap":{"0":{"start":{"line":45,"column":30},"end":{"line":53,"column":null}},"1":{"start":{"line":55,"column":6},"end":{"line":95,"column":null}},"2":{"start":{"line":60,"column":6},"end":{"line":60,"column":null}},"3":{"start":{"line":62,"column":6},"end":{"line":62,"column":null}},"4":{"start":{"line":65,"column":6},"end":{"line":65,"column":null}},"5":{"start":{"line":68,"column":6},"end":{"line":68,"column":null}},"6":{"start":{"line":71,"column":6},"end":{"line":71,"column":null}},"7":{"start":{"line":74,"column":6},"end":{"line":74,"column":null}},"8":{"start":{"line":77,"column":6},"end":{"line":77,"column":null}},"9":{"start":{"line":80,"column":6},"end":{"line":80,"column":null}},"10":{"start":{"line":83,"column":6},"end":{"line":83,"column":null}},"11":{"start":{"line":86,"column":6},"end":{"line":86,"column":null}},"12":{"start":{"line":89,"column":6},"end":{"line":89,"column":null}},"13":{"start":{"line":92,"column":6},"end":{"line":92,"column":null}},"14":{"start":{"line":109,"column":4},"end":{"line":109,"column":null}},"15":{"start":{"line":112,"column":41},"end":{"line":113,"column":null}},"16":{"start":{"line":113,"column":2},"end":{"line":113,"column":null}},"17":{"start":{"line":114,"column":37},"end":{"line":115,"column":null}},"18":{"start":{"line":115,"column":2},"end":{"line":115,"column":null}},"19":{"start":{"line":116,"column":33},"end":{"line":116,"column":null}},"20":{"start":{"line":116,"column":55},"end":{"line":116,"column":null}},"21":{"start":{"line":117,"column":33},"end":{"line":117,"column":null}},"22":{"start":{"line":117,"column":55},"end":{"line":117,"column":null}},"23":{"start":{"line":118,"column":42},"end":{"line":119,"column":null}},"24":{"start":{"line":119,"column":2},"end":{"line":119,"column":null}},"25":{"start":{"line":120,"column":36},"end":{"line":121,"column":null}},"26":{"start":{"line":121,"column":2},"end":{"line":121,"column":null}},"27":{"start":{"line":122,"column":34},"end":{"line":122,"column":null}},"28":{"start":{"line":122,"column":56},"end":{"line":122,"column":null}}},"fnMap":{"0":{"name":"(anonymous_0)","decl":{"start":{"line":59,"column":28},"end":{"line":59,"column":29}},"loc":{"start":{"line":59,"column":77},"end":{"line":63,"column":null}},"line":59},"1":{"name":"(anonymous_1)","decl":{"start":{"line":64,"column":24},"end":{"line":64,"column":25}},"loc":{"start":{"line":64,"column":73},"end":{"line":66,"column":null}},"line":64},"2":{"name":"(anonymous_2)","decl":{"start":{"line":67,"column":20},"end":{"line":67,"column":21}},"loc":{"start":{"line":67,"column":65},"end":{"line":69,"column":null}},"line":67},"3":{"name":"(anonymous_3)","decl":{"start":{"line":70,"column":20},"end":{"line":70,"column":21}},"loc":{"start":{"line":70,"column":63},"end":{"line":72,"column":null}},"line":70},"4":{"name":"(anonymous_4)","decl":{"start":{"line":73,"column":19},"end":{"line":73,"column":20}},"loc":{"start":{"line":73,"column":30},"end":{"line":75,"column":null}},"line":73},"5":{"name":"(anonymous_5)","decl":{"start":{"line":76,"column":29},"end":{"line":76,"column":30}},"loc":{"start":{"line":76,"column":72},"end":{"line":78,"column":null}},"line":76},"6":{"name":"(anonymous_6)","decl":{"start":{"line":79,"column":28},"end":{"line":79,"column":29}},"loc":{"start":{"line":79,"column":39},"end":{"line":81,"column":null}},"line":79},"7":{"name":"(anonymous_7)","decl":{"start":{"line":82,"column":23},"end":{"line":82,"column":24}},"loc":{"start":{"line":82,"column":66},"end":{"line":84,"column":null}},"line":82},"8":{"name":"(anonymous_8)","decl":{"start":{"line":85,"column":22},"end":{"line":85,"column":23}},"loc":{"start":{"line":85,"column":33},"end":{"line":87,"column":null}},"line":85},"9":{"name":"(anonymous_9)","decl":{"start":{"line":88,"column":21},"end":{"line":88,"column":22}},"loc":{"start":{"line":88,"column":64},"end":{"line":90,"column":null}},"line":88},"10":{"name":"(anonymous_10)","decl":{"start":{"line":91,"column":20},"end":{"line":91,"column":21}},"loc":{"start":{"line":91,"column":31},"end":{"line":93,"column":null}},"line":91},"11":{"name":"(anonymous_11)","decl":{"start":{"line":112,"column":41},"end":{"line":112,"column":42}},"loc":{"start":{"line":113,"column":2},"end":{"line":113,"column":null}},"line":113},"12":{"name":"(anonymous_12)","decl":{"start":{"line":114,"column":37},"end":{"line":114,"column":38}},"loc":{"start":{"line":115,"column":2},"end":{"line":115,"column":null}},"line":115},"13":{"name":"(anonymous_13)","decl":{"start":{"line":116,"column":33},"end":{"line":116,"column":34}},"loc":{"start":{"line":116,"column":55},"end":{"line":116,"column":null}},"line":116},"14":{"name":"(anonymous_14)","decl":{"start":{"line":117,"column":33},"end":{"line":117,"column":34}},"loc":{"start":{"line":117,"column":55},"end":{"line":117,"column":null}},"line":117},"15":{"name":"(anonymous_15)","decl":{"start":{"line":118,"column":42},"end":{"line":118,"column":43}},"loc":{"start":{"line":119,"column":2},"end":{"line":119,"column":null}},"line":119},"16":{"name":"(anonymous_16)","decl":{"start":{"line":120,"column":36},"end":{"line":120,"column":37}},"loc":{"start":{"line":121,"column":2},"end":{"line":121,"column":null}},"line":121},"17":{"name":"(anonymous_17)","decl":{"start":{"line":122,"column":34},"end":{"line":122,"column":35}},"loc":{"start":{"line":122,"column":56},"end":{"line":122,"column":null}},"line":122}},"branchMap":{},"s":{"0":21,"1":21,"2":2,"3":2,"4":0,"5":0,"6":0,"7":0,"8":0,"9":0,"10":0,"11":0,"12":0,"13":0,"14":21,"15":21,"16":173,"17":21,"18":53,"19":21,"20":0,"21":21,"22":0,"23":21,"24":0,"25":21,"26":0,"27":21,"28":0},"f":{"0":2,"1":0,"2":0,"3":0,"4":0,"5":0,"6":0,"7":0,"8":0,"9":0,"10":0,"11":173,"12":53,"13":0,"14":0,"15":0,"16":0,"17":0},"b":{},"meta":{"lastBranch":0,"lastFunction":18,"lastStatement":29,"seen":{"s:45:30:53:Infinity":0,"s:55:6:95:Infinity":1,"f:59:28:59:29":0,"s:60:6:60:Infinity":2,"s:62:6:62:Infinity":3,"f:64:24:64:25":1,"s:65:6:65:Infinity":4,"f:67:20:67:21":2,"s:68:6:68:Infinity":5,"f:70:20:70:21":3,"s:71:6:71:Infinity":6,"f:73:19:73:20":4,"s:74:6:74:Infinity":7,"f:76:29:76:30":5,"s:77:6:77:Infinity":8,"f:79:28:79:29":6,"s:80:6:80:Infinity":9,"f:82:23:82:24":7,"s:83:6:83:Infinity":10,"f:85:22:85:23":8,"s:86:6:86:Infinity":11,"f:88:21:88:22":9,"s:89:6:89:Infinity":12,"f:91:20:91:21":10,"s:92:6:92:Infinity":13,"s:109:4:109:Infinity":14,"s:112:41:113:Infinity":15,"f:112:41:112:42":11,"s:113:2:113:Infinity":16,"s:114:37:115:Infinity":17,"f:114:37:114:38":12,"s:115:2:115:Infinity":18,"s:116:33:116:Infinity":19,"f:116:33:116:34":13,"s:116:55:116:Infinity":20,"s:117:33:117:Infinity":21,"f:117:33:117:34":14,"s:117:55:117:Infinity":22,"s:118:42:119:Infinity":23,"f:118:42:118:43":15,"s:119:2:119:Infinity":24,"s:120:36:121:Infinity":25,"f:120:36:120:37":16,"s:121:2:121:Infinity":26,"s:122:34:122:Infinity":27,"f:122:34:122:35":17,"s:122:56:122:Infinity":28}}}
}
